#
# There is insufficient memory for the Java Runtime Environment to continue.
# Native memory allocation (malloc) failed to allocate 2266416 bytes for Chunk::new
# Possible reasons:
#   The system is out of physical RAM or swap space
#   In 32 bit mode, the process size limit was hit
# Possible solutions:
#   Reduce memory load on the system
#   Increase physical memory or swap space
#   Check if swap backing store is full
#   Use 64 bit Java on a 64 bit OS
#   Decrease Java heap size (-Xmx/-Xms)
#   Decrease number of Java threads
#   Decrease Java thread stack sizes (-Xss)
#   Set larger code cache with -XX:ReservedCodeCacheSize=
# This output file may be truncated or incomplete.
#
#  Out of Memory Error (allocation.cpp:390), pid=79372, tid=0x0000000000022654
#
# JRE version: OpenJDK Runtime Environment (8.0_152-b06) (build 1.8.0_152-release-1136-b06)
# Java VM: OpenJDK 64-Bit Server VM (25.152-b06 mixed mode windows-amd64 compressed oops)
# Failed to write core dump. Minidumps are not enabled by default on client versions of Windows
#

---------------  T H R E A D  ---------------

Current thread (0x00000000158b2800):  JavaThread "C2 CompilerThread1" daemon [_thread_in_native, id=140884, stack(0x0000000017000000,0x0000000017100000)]

Stack: [0x0000000017000000,0x0000000017100000]
[error occurred during error reporting (printing stack bounds), id 0xc0000005]

Native frames: (J=compiled Java code, j=interpreted, Vv=VM code, C=native code)


Current CompileTask:
C2:   7961 1343   !   4       java.net.URLClassLoader$1::run (63 bytes)


---------------  P R O C E S S  ---------------

Java Threads: ( => current thread )
  0x0000000018d62000 JavaThread "Cache worker for file hash cache (C:\Users\brrri\AndroidStudioProjects\DateTime\.gradle\4.6\fileHashes)" [_thread_blocked, id=111432, stack(0x000000001d3d0000,0x000000001d4d0000)]
  0x00000000187b2800 JavaThread "File lock request listener" [_thread_in_native, id=142572, stack(0x000000001c300000,0x000000001c400000)]
  0x000000001b2e9800 JavaThread "Cache worker for file hash cache (C:\Users\brrri\.gradle\caches\4.6\fileHashes)" [_thread_blocked, id=144008, stack(0x000000001c200000,0x000000001c300000)]
  0x0000000017428800 JavaThread "Stdin handler" [_thread_blocked, id=112228, stack(0x0000000019f60000,0x000000001a060000)]
  0x0000000017428000 JavaThread "Asynchronous log dispatcher for DefaultDaemonConnection: socket connection from /127.0.0.1:59147 to /127.0.0.1:59148" [_thread_blocked, id=131776, stack(0x0000000019e60000,0x0000000019f60000)]
  0x0000000017420800 JavaThread "Daemon worker" [_thread_in_native, id=65748, stack(0x0000000019d60000,0x0000000019e60000)]
  0x000000001741f800 JavaThread "Cancel handler" [_thread_blocked, id=141368, stack(0x0000000019c60000,0x0000000019d60000)]
  0x0000000018179000 JavaThread "Handler for socket connection from /127.0.0.1:59147 to /127.0.0.1:59148" [_thread_in_native, id=142196, stack(0x0000000019960000,0x0000000019a60000)]
  0x000000001742d800 JavaThread "Daemon" [_thread_blocked, id=143596, stack(0x0000000019860000,0x0000000019960000)]
  0x00000000180ee000 JavaThread "Daemon periodic checks" [_thread_blocked, id=142212, stack(0x0000000019760000,0x0000000019860000)]
  0x00000000188f9000 JavaThread "Incoming local TCP Connector on port 59147" [_thread_in_native, id=142844, stack(0x0000000019510000,0x0000000019610000)]
  0x0000000015906000 JavaThread "Service Thread" daemon [_thread_blocked, id=142032, stack(0x0000000017200000,0x0000000017300000)]
  0x00000000158c5000 JavaThread "C1 CompilerThread2" daemon [_thread_blocked, id=130936, stack(0x0000000017100000,0x0000000017200000)]
=>0x00000000158b2800 JavaThread "C2 CompilerThread1" daemon [_thread_in_native, id=140884, stack(0x0000000017000000,0x0000000017100000)]
  0x00000000158ae800 JavaThread "C2 CompilerThread0" daemon [_thread_in_native, id=143992, stack(0x0000000016f00000,0x0000000017000000)]
  0x00000000158ad800 JavaThread "Attach Listener" daemon [_thread_blocked, id=132320, stack(0x0000000016e00000,0x0000000016f00000)]
  0x00000000158b7000 JavaThread "Signal Dispatcher" daemon [_thread_blocked, id=49856, stack(0x0000000016d00000,0x0000000016e00000)]
  0x00000000031dc800 JavaThread "Finalizer" daemon [_thread_blocked, id=132324, stack(0x0000000016b00000,0x0000000016c00000)]
  0x00000000031d1800 JavaThread "Reference Handler" daemon [_thread_blocked, id=136608, stack(0x0000000016a00000,0x0000000016b00000)]
  0x00000000030e2800 JavaThread "main" [_thread_blocked, id=132156, stack(0x0000000002fe0000,0x00000000030e0000)]

Other Threads:
  0x0000000015875000 VMThread [stack: 0x0000000016900000,0x0000000016a00000] [id=144232]
  0x0000000017308800 WatcherThread [stack: 0x0000000017700000,0x0000000017800000] [id=141488]

VM state:not at safepoint (normal execution)

VM Mutex/Monitor currently owned by a thread: None

Heap:
 PSYoungGen      total 20992K, used 10052K [0x00000000eab00000, 0x00000000ec600000, 0x0000000100000000)
  eden space 15872K, 35% used [0x00000000eab00000,0x00000000eb0739e0,0x00000000eba80000)
  from space 5120K, 87% used [0x00000000ec000000,0x00000000ec45d898,0x00000000ec500000)
  to   space 5632K, 0% used [0x00000000eba80000,0x00000000eba80000,0x00000000ec000000)
 ParOldGen       total 44032K, used 5067K [0x00000000c0000000, 0x00000000c2b00000, 0x00000000eab00000)
  object space 44032K, 11% used [0x00000000c0000000,0x00000000c04f2d00,0x00000000c2b00000)
 Metaspace       used 14738K, capacity 15032K, committed 15360K, reserved 1062912K
  class space    used 2072K, capacity 2192K, committed 2304K, reserved 1048576K

Card table byte_map: [0x00000000125a0000,0x00000000127b0000] byte_map_base: 0x0000000011fa0000

Marking Bits: (ParMarkBitMap*) 0x0000000066875aa0
 Begin Bits: [0x0000000012d10000, 0x0000000013d10000)
 End Bits:   [0x0000000013d10000, 0x0000000014d10000)

Polling page: 0x0000000001510000

CodeCache: size=245760Kb used=4841Kb max_used=4841Kb free=240918Kb
 bounds [0x00000000031e0000, 0x00000000036a0000, 0x00000000121e0000]
 total_blobs=1780 nmethods=1411 adapters=282
 compilation: enabled

Compilation events (10 events):
Event: 7.871 Thread 0x00000000158c5000 1407       3       com.google.common.base.Splitter$1::iterator (11 bytes)
Event: 7.871 Thread 0x00000000158c5000 nmethod 1407 0x000000000369a9d0 code [0x000000000369ab40, 0x000000000369ada8]
Event: 7.871 Thread 0x00000000158c5000 1408       3       com.google.common.base.Splitter$1$1::<init> (12 bytes)
Event: 7.871 Thread 0x00000000158c5000 nmethod 1408 0x000000000369aed0 code [0x000000000369b040, 0x000000000369b1e8]
Event: 7.873 Thread 0x00000000158c5000 1418       1       java.util.HashMap::afterNodeAccess (1 bytes)
Event: 7.873 Thread 0x00000000158c5000 nmethod 1418 0x000000000369b290 code [0x000000000369b3e0, 0x000000000369b4f0]
Event: 7.917 Thread 0x00000000158c5000 1419       3       org.gradle.internal.logging.slf4j.OutputEventListenerBackedLogger::isDebugEnabled (8 bytes)
Event: 7.917 Thread 0x00000000158c5000 nmethod 1419 0x000000000369b550 code [0x000000000369b6e0, 0x000000000369bba8]
Event: 7.919 Thread 0x00000000158c5000 1420       3       java.util.regex.Pattern$Ctype::isSatisfiedBy (24 bytes)
Event: 7.919 Thread 0x00000000158c5000 nmethod 1420 0x000000000369bd50 code [0x000000000369bec0, 0x000000000369c250]

GC Heap History (10 events):
Event: 3.361 GC heap before
{Heap before GC invocations=2 (full 0):
 PSYoungGen      total 18944K, used 18921K [0x00000000eab00000, 0x00000000ec000000, 0x0000000100000000)
  eden space 16384K, 100% used [0x00000000eab00000,0x00000000ebb00000,0x00000000ebb00000)
  from space 2560K, 99% used [0x00000000ebb00000,0x00000000ebd7a7d0,0x00000000ebd80000)
  to   space 2560K, 0% used [0x00000000ebd80000,0x00000000ebd80000,0x00000000ec000000)
 ParOldGen       total 44032K, used 418K [0x00000000c0000000, 0x00000000c2b00000, 0x00000000eab00000)
  object space 44032K, 0% used [0x00000000c0000000,0x00000000c0068960,0x00000000c2b00000)
 Metaspace       used 6966K, capacity 7112K, committed 7424K, reserved 1056768K
  class space    used 846K, capacity 909K, committed 1024K, reserved 1048576K
Event: 3.368 GC heap after
Heap after GC invocations=2 (full 0):
 PSYoungGen      total 18944K, used 2539K [0x00000000eab00000, 0x00000000ec000000, 0x0000000100000000)
  eden space 16384K, 0% used [0x00000000eab00000,0x00000000eab00000,0x00000000ebb00000)
  from space 2560K, 99% used [0x00000000ebd80000,0x00000000ebffaff0,0x00000000ec000000)
  to   space 2560K, 0% used [0x00000000ebb00000,0x00000000ebb00000,0x00000000ebd80000)
 ParOldGen       total 44032K, used 646K [0x00000000c0000000, 0x00000000c2b00000, 0x00000000eab00000)
  object space 44032K, 1% used [0x00000000c0000000,0x00000000c00a1b50,0x00000000c2b00000)
 Metaspace       used 6966K, capacity 7112K, committed 7424K, reserved 1056768K
  class space    used 846K, capacity 909K, committed 1024K, reserved 1048576K
}
Event: 3.876 GC heap before
{Heap before GC invocations=3 (full 0):
 PSYoungGen      total 18944K, used 18923K [0x00000000eab00000, 0x00000000ec000000, 0x0000000100000000)
  eden space 16384K, 100% used [0x00000000eab00000,0x00000000ebb00000,0x00000000ebb00000)
  from space 2560K, 99% used [0x00000000ebd80000,0x00000000ebffaff0,0x00000000ec000000)
  to   space 2560K, 0% used [0x00000000ebb00000,0x00000000ebb00000,0x00000000ebd80000)
 ParOldGen       total 44032K, used 646K [0x00000000c0000000, 0x00000000c2b00000, 0x00000000eab00000)
  object space 44032K, 1% used [0x00000000c0000000,0x00000000c00a1b50,0x00000000c2b00000)
 Metaspace       used 7258K, capacity 7426K, committed 7680K, reserved 1056768K
  class space    used 906K, capacity 950K, committed 1024K, reserved 1048576K
Event: 3.879 GC heap after
Heap after GC invocations=3 (full 0):
 PSYoungGen      total 18944K, used 2547K [0x00000000eab00000, 0x00000000ec000000, 0x0000000100000000)
  eden space 16384K, 0% used [0x00000000eab00000,0x00000000eab00000,0x00000000ebb00000)
  from space 2560K, 99% used [0x00000000ebb00000,0x00000000ebd7ce10,0x00000000ebd80000)
  to   space 2560K, 0% used [0x00000000ebd80000,0x00000000ebd80000,0x00000000ec000000)
 ParOldGen       total 44032K, used 1069K [0x00000000c0000000, 0x00000000c2b00000, 0x00000000eab00000)
  object space 44032K, 2% used [0x00000000c0000000,0x00000000c010b410,0x00000000c2b00000)
 Metaspace       used 7258K, capacity 7426K, committed 7680K, reserved 1056768K
  class space    used 906K, capacity 950K, committed 1024K, reserved 1048576K
}
Event: 6.283 GC heap before
{Heap before GC invocations=4 (full 0):
 PSYoungGen      total 18944K, used 18931K [0x00000000eab00000, 0x00000000ec000000, 0x0000000100000000)
  eden space 16384K, 100% used [0x00000000eab00000,0x00000000ebb00000,0x00000000ebb00000)
  from space 2560K, 99% used [0x00000000ebb00000,0x00000000ebd7ce10,0x00000000ebd80000)
  to   space 2560K, 0% used [0x00000000ebd80000,0x00000000ebd80000,0x00000000ec000000)
 ParOldGen       total 44032K, used 1069K [0x00000000c0000000, 0x00000000c2b00000, 0x00000000eab00000)
  object space 44032K, 2% used [0x00000000c0000000,0x00000000c010b410,0x00000000c2b00000)
 Metaspace       used 10831K, capacity 11012K, committed 11264K, reserved 1058816K
  class space    used 1418K, capacity 1522K, committed 1536K, reserved 1048576K
Event: 6.291 GC heap after
Heap after GC invocations=4 (full 0):
 PSYoungGen      total 18944K, used 2560K [0x00000000eab00000, 0x00000000ec000000, 0x0000000100000000)
  eden space 16384K, 0% used [0x00000000eab00000,0x00000000eab00000,0x00000000ebb00000)
  from space 2560K, 100% used [0x00000000ebd80000,0x00000000ec000000,0x00000000ec000000)
  to   space 2560K, 0% used [0x00000000ebb00000,0x00000000ebb00000,0x00000000ebd80000)
 ParOldGen       total 44032K, used 3091K [0x00000000c0000000, 0x00000000c2b00000, 0x00000000eab00000)
  object space 44032K, 7% used [0x00000000c0000000,0x00000000c0304d38,0x00000000c2b00000)
 Metaspace       used 10831K, capacity 11012K, committed 11264K, reserved 1058816K
  class space    used 1418K, capacity 1522K, committed 1536K, reserved 1048576K
}
Event: 6.955 GC heap before
{Heap before GC invocations=5 (full 0):
 PSYoungGen      total 18944K, used 18944K [0x00000000eab00000, 0x00000000ec000000, 0x0000000100000000)
  eden space 16384K, 100% used [0x00000000eab00000,0x00000000ebb00000,0x00000000ebb00000)
  from space 2560K, 100% used [0x00000000ebd80000,0x00000000ec000000,0x00000000ec000000)
  to   space 2560K, 0% used [0x00000000ebb00000,0x00000000ebb00000,0x00000000ebd80000)
 ParOldGen       total 44032K, used 3091K [0x00000000c0000000, 0x00000000c2b00000, 0x00000000eab00000)
  object space 44032K, 7% used [0x00000000c0000000,0x00000000c0304d38,0x00000000c2b00000)
 Metaspace       used 12844K, capacity 13204K, committed 13440K, reserved 1060864K
  class space    used 1751K, capacity 1902K, committed 1920K, reserved 1048576K
Event: 6.962 GC heap after
Heap after GC invocations=5 (full 0):
 PSYoungGen      total 18944K, used 2544K [0x00000000eab00000, 0x00000000ec500000, 0x0000000100000000)
  eden space 16384K, 0% used [0x00000000eab00000,0x00000000eab00000,0x00000000ebb00000)
  from space 2560K, 99% used [0x00000000ebb00000,0x00000000ebd7c030,0x00000000ebd80000)
  to   space 5120K, 0% used [0x00000000ec000000,0x00000000ec000000,0x00000000ec500000)
 ParOldGen       total 44032K, used 5067K [0x00000000c0000000, 0x00000000c2b00000, 0x00000000eab00000)
  object space 44032K, 11% used [0x00000000c0000000,0x00000000c04f2d00,0x00000000c2b00000)
 Metaspace       used 12844K, capacity 13204K, committed 13440K, reserved 1060864K
  class space    used 1751K, capacity 1902K, committed 1920K, reserved 1048576K
}
Event: 7.653 GC heap before
{Heap before GC invocations=6 (full 0):
 PSYoungGen      total 18944K, used 18928K [0x00000000eab00000, 0x00000000ec500000, 0x0000000100000000)
  eden space 16384K, 100% used [0x00000000eab00000,0x00000000ebb00000,0x00000000ebb00000)
  from space 2560K, 99% used [0x00000000ebb00000,0x00000000ebd7c030,0x00000000ebd80000)
  to   space 5120K, 0% used [0x00000000ec000000,0x00000000ec000000,0x00000000ec500000)
 ParOldGen       total 44032K, used 5067K [0x00000000c0000000, 0x00000000c2b00000, 0x00000000eab00000)
  object space 44032K, 11% used [0x00000000c0000000,0x00000000c04f2d00,0x00000000c2b00000)
 Metaspace       used 14207K, capacity 14520K, committed 14720K, reserved 1062912K
  class space    used 1986K, capacity 2128K, committed 2176K, reserved 1048576K
Event: 7.665 GC heap after
Heap after GC invocations=6 (full 0):
 PSYoungGen      total 20992K, used 4470K [0x00000000eab00000, 0x00000000ec600000, 0x0000000100000000)
  eden space 15872K, 0% used [0x00000000eab00000,0x00000000eab00000,0x00000000eba80000)
  from space 5120K, 87% used [0x00000000ec000000,0x00000000ec45d898,0x00000000ec500000)
  to   space 5632K, 0% used [0x00000000eba80000,0x00000000eba80000,0x00000000ec000000)
 ParOldGen       total 44032K, used 5067K [0x00000000c0000000, 0x00000000c2b00000, 0x00000000eab00000)
  object space 44032K, 11% used [0x00000000c0000000,0x00000000c04f2d00,0x00000000c2b00000)
 Metaspace       used 14207K, capacity 14520K, committed 14720K, reserved 1062912K
  class space    used 1986K, capacity 2128K, committed 2176K, reserved 1048576K
}

Deoptimization events (10 events):
Event: 4.619 Thread 0x00000000030e2800 Uncommon trap: reason=bimorphic action=maybe_recompile pc=0x000000000351ac88 method=java.util.HashMap.putVal(ILjava/lang/Object;Ljava/lang/Object;ZZ)Ljava/lang/Object; @ 203
Event: 5.107 Thread 0x00000000030e2800 Uncommon trap: reason=unstable_if action=reinterpret pc=0x000000000349d038 method=java.io.WinNTFileSystem.normalize(Ljava/lang/String;)Ljava/lang/String; @ 128
Event: 5.107 Thread 0x00000000030e2800 Uncommon trap: reason=unstable_if action=reinterpret pc=0x000000000350f024 method=java.io.WinNTFileSystem.normalize(Ljava/lang/String;II)Ljava/lang/String; @ 90
Event: 6.478 Thread 0x0000000018179000 Uncommon trap: reason=unstable_if action=reinterpret pc=0x00000000035d8d70 method=java.util.concurrent.ConcurrentHashMap.putVal(Ljava/lang/Object;Ljava/lang/Object;Z)Ljava/lang/Object; @ 206
Event: 6.594 Thread 0x0000000017420800 Uncommon trap: reason=bimorphic action=maybe_recompile pc=0x0000000003519efc method=java.util.HashMap.putVal(ILjava/lang/Object;Ljava/lang/Object;ZZ)Ljava/lang/Object; @ 253
Event: 6.595 Thread 0x0000000017420800 Uncommon trap: reason=bimorphic action=maybe_recompile pc=0x0000000003519efc method=java.util.HashMap.putVal(ILjava/lang/Object;Ljava/lang/Object;ZZ)Ljava/lang/Object; @ 253
Event: 7.149 Thread 0x0000000017420800 Uncommon trap: reason=class_check action=maybe_recompile pc=0x00000000034915c4 method=java.util.regex.Matcher.match(II)Z @ 86
Event: 7.149 Thread 0x0000000017420800 Uncommon trap: reason=class_check action=maybe_recompile pc=0x00000000034915c4 method=java.util.regex.Matcher.match(II)Z @ 86
Event: 7.384 Thread 0x0000000017420800 Uncommon trap: reason=class_check action=maybe_recompile pc=0x000000000346389c method=java.util.regex.Matcher.match(II)Z @ 86
Event: 7.775 Thread 0x0000000017420800 Uncommon trap: reason=unstable_if action=reinterpret pc=0x000000000364ec74 method=java.lang.String.lastIndexOf([CII[CIII)I @ 66

Classes redefined (0 events):
No events

Internal exceptions (10 events):
Event: 6.514 Thread 0x0000000018179000 Exception <a 'java/lang/NoSuchMethodError': <clinit>> (0x00000000eadc7598) thrown at [D:\src\AOSP-openjdk-cygwin\jdk8u\hotspot\src\share\vm\prims\jni.cpp, line 1613]
Event: 6.516 Thread 0x0000000018179000 Exception <a 'java/lang/NoSuchMethodError': <clinit>> (0x00000000eadd8c18) thrown at [D:\src\AOSP-openjdk-cygwin\jdk8u\hotspot\src\share\vm\prims\jni.cpp, line 1613]
Event: 6.531 Thread 0x0000000018179000 Exception <a 'java/lang/NoSuchMethodError': <clinit>> (0x00000000eae4cb98) thrown at [D:\src\AOSP-openjdk-cygwin\jdk8u\hotspot\src\share\vm\prims\jni.cpp, line 1613]
Event: 6.535 Thread 0x0000000018179000 Exception <a 'java/lang/NoSuchMethodError': <clinit>> (0x00000000eae71e00) thrown at [D:\src\AOSP-openjdk-cygwin\jdk8u\hotspot\src\share\vm\prims\jni.cpp, line 1613]
Event: 6.540 Thread 0x0000000018179000 Exception <a 'java/lang/NoSuchMethodError': <clinit>> (0x00000000eae9e160) thrown at [D:\src\AOSP-openjdk-cygwin\jdk8u\hotspot\src\share\vm\prims\jni.cpp, line 1613]
Event: 6.540 Thread 0x0000000018179000 Exception <a 'java/lang/NoSuchMethodError': <clinit>> (0x00000000eaea9500) thrown at [D:\src\AOSP-openjdk-cygwin\jdk8u\hotspot\src\share\vm\prims\jni.cpp, line 1613]
Event: 6.542 Thread 0x0000000018179000 Exception <a 'java/lang/NoSuchMethodError': <clinit>> (0x00000000eaeb4db8) thrown at [D:\src\AOSP-openjdk-cygwin\jdk8u\hotspot\src\share\vm\prims\jni.cpp, line 1613]
Event: 6.545 Thread 0x0000000018179000 Exception <a 'java/lang/NoSuchMethodError': <clinit>> (0x00000000eaed9530) thrown at [D:\src\AOSP-openjdk-cygwin\jdk8u\hotspot\src\share\vm\prims\jni.cpp, line 1613]
Event: 6.573 Thread 0x0000000017420800 Exception <a 'java/lang/NoSuchMethodError': <clinit>> (0x00000000eafac8f0) thrown at [D:\src\AOSP-openjdk-cygwin\jdk8u\hotspot\src\share\vm\prims\jni.cpp, line 1613]
Event: 6.574 Thread 0x0000000017420800 Exception <a 'java/lang/NoSuchMethodError': <clinit>> (0x00000000eafb4b78) thrown at [D:\src\AOSP-openjdk-cygwin\jdk8u\hotspot\src\share\vm\prims\jni.cpp, line 1613]

Events (10 events):
Event: 7.935 loading class org/codehaus/groovy/control/CompilationFailedException
Event: 7.935 loading class org/codehaus/groovy/control/CompilationFailedException done
Event: 7.935 loading class groovy/lang/GroovyRuntimeException
Event: 7.935 loading class groovy/lang/GroovyRuntimeException done
Event: 7.935 loading class org/gradle/groovy/scripts/ScriptCompilationException
Event: 7.935 loading class org/gradle/groovy/scripts/ScriptCompilationException done
Event: 7.936 loading class org/gradle/api/GradleScriptException
Event: 7.936 loading class org/gradle/api/GradleScriptException done
Event: 7.936 loading class groovy/lang/GroovyClassLoader
Event: 7.936 loading class groovy/lang/GroovyClassLoader done


Dynamic libraries:
0x00007ff67d530000 - 0x00007ff67d561000 	C:\Program Files\Android\Android Studio\jre\bin\java.exe
0x00007ffc1e610000 - 0x00007ffc1e7f1000 	C:\WINDOWS\SYSTEM32\ntdll.dll
0x00007ffc1c6f0000 - 0x00007ffc1c7a2000 	C:\WINDOWS\System32\KERNEL32.DLL
0x00007ffc1b590000 - 0x00007ffc1b803000 	C:\WINDOWS\System32\KERNELBASE.dll
0x00007ffc1c130000 - 0x00007ffc1c1d1000 	C:\WINDOWS\System32\ADVAPI32.dll
0x00007ffc1c7b0000 - 0x00007ffc1c84e000 	C:\WINDOWS\System32\msvcrt.dll
0x00007ffc1c850000 - 0x00007ffc1c8ab000 	C:\WINDOWS\System32\sechost.dll
0x00007ffc1dec0000 - 0x00007ffc1dfe4000 	C:\WINDOWS\System32\RPCRT4.dll
0x00007ffc1e450000 - 0x00007ffc1e5e0000 	C:\WINDOWS\System32\USER32.dll
0x00007ffc1adb0000 - 0x00007ffc1add0000 	C:\WINDOWS\System32\win32u.dll
0x00007ffc1c300000 - 0x00007ffc1c328000 	C:\WINDOWS\System32\GDI32.dll
0x00007ffc1aae0000 - 0x00007ffc1ac72000 	C:\WINDOWS\System32\gdi32full.dll
0x00007ffc1b810000 - 0x00007ffc1b8af000 	C:\WINDOWS\System32\msvcp_win.dll
0x00007ffc1a9e0000 - 0x00007ffc1aada000 	C:\WINDOWS\System32\ucrtbase.dll
0x00007ffbfede0000 - 0x00007ffbff049000 	C:\WINDOWS\WinSxS\amd64_microsoft.windows.common-controls_6595b64144ccf1df_6.0.17134.471_none_fb3e9aab3068fc16\COMCTL32.dll
0x00007ffc1bda0000 - 0x00007ffc1c0c2000 	C:\WINDOWS\System32\combase.dll
0x00007ffc1ad30000 - 0x00007ffc1adaa000 	C:\WINDOWS\System32\bcryptPrimitives.dll
0x00007ffc1c260000 - 0x00007ffc1c28d000 	C:\WINDOWS\System32\IMM32.DLL
0x0000000067c60000 - 0x0000000067d32000 	C:\Program Files\Android\Android Studio\jre\jre\bin\msvcr100.dll
0x00000000660b0000 - 0x00000000668f1000 	C:\Program Files\Android\Android Studio\jre\jre\bin\server\jvm.dll
0x00007ffc1e440000 - 0x00007ffc1e448000 	C:\WINDOWS\System32\PSAPI.DLL
0x00007ffc172a0000 - 0x00007ffc172c3000 	C:\WINDOWS\SYSTEM32\WINMM.dll
0x00007ffc12310000 - 0x00007ffc1231a000 	C:\WINDOWS\SYSTEM32\VERSION.dll
0x00007ffc16900000 - 0x00007ffc16909000 	C:\WINDOWS\SYSTEM32\WSOCK32.dll
0x00007ffc17220000 - 0x00007ffc1724a000 	C:\WINDOWS\SYSTEM32\winmmbase.dll
0x00007ffc1ac80000 - 0x00007ffc1acc9000 	C:\WINDOWS\System32\cfgmgr32.dll
0x00007ffc1de50000 - 0x00007ffc1debc000 	C:\WINDOWS\System32\WS2_32.dll
0x00007ffc16910000 - 0x00007ffc1691f000 	C:\Program Files\Android\Android Studio\jre\jre\bin\verify.dll
0x00007ffc0e050000 - 0x00007ffc0e079000 	C:\Program Files\Android\Android Studio\jre\jre\bin\java.dll
0x00007ffc13ee0000 - 0x00007ffc13ef6000 	C:\Program Files\Android\Android Studio\jre\jre\bin\zip.dll
0x00007ffc1c910000 - 0x00007ffc1dd50000 	C:\WINDOWS\System32\SHELL32.dll
0x00007ffc1c420000 - 0x00007ffc1c4c9000 	C:\WINDOWS\System32\shcore.dll
0x00007ffc1ae80000 - 0x00007ffc1b58d000 	C:\WINDOWS\System32\windows.storage.dll
0x00007ffc1c0d0000 - 0x00007ffc1c121000 	C:\WINDOWS\System32\shlwapi.dll
0x00007ffc1a9a0000 - 0x00007ffc1a9b1000 	C:\WINDOWS\System32\kernel.appcore.dll
0x00007ffc1a9c0000 - 0x00007ffc1a9df000 	C:\WINDOWS\System32\profapi.dll
0x00007ffc1a950000 - 0x00007ffc1a99c000 	C:\WINDOWS\System32\powrprof.dll
0x00007ffc1a920000 - 0x00007ffc1a92a000 	C:\WINDOWS\System32\FLTLIB.DLL
0x00007ffc12890000 - 0x00007ffc128aa000 	C:\Program Files\Android\Android Studio\jre\jre\bin\net.dll
0x00007ffc1a1a0000 - 0x00007ffc1a206000 	C:\WINDOWS\system32\mswsock.dll
0x00007ffc0df50000 - 0x00007ffc0df61000 	C:\Program Files\Android\Android Studio\jre\jre\bin\nio.dll
0x00007ffc0bf40000 - 0x00007ffc0bf5e000 	C:\Users\brrri\.gradle\native\25\windows-amd64\native-platform.dll
0x00007ffc15120000 - 0x00007ffc1512d000 	C:\Program Files\Android\Android Studio\jre\jre\bin\management.dll
0x00007ffc1a350000 - 0x00007ffc1a367000 	C:\WINDOWS\SYSTEM32\CRYPTSP.dll
0x00007ffc19d80000 - 0x00007ffc19db3000 	C:\WINDOWS\system32\rsaenh.dll
0x00007ffc1a480000 - 0x00007ffc1a4a5000 	C:\WINDOWS\SYSTEM32\bcrypt.dll
0x00007ffc1a820000 - 0x00007ffc1a848000 	C:\WINDOWS\SYSTEM32\USERENV.dll
0x00007ffc1a370000 - 0x00007ffc1a37b000 	C:\WINDOWS\SYSTEM32\CRYPTBASE.dll
0x00007ffc19f20000 - 0x00007ffc19f58000 	C:\WINDOWS\SYSTEM32\IPHLPAPI.DLL
0x00007ffc1dd50000 - 0x00007ffc1dd58000 	C:\WINDOWS\System32\NSI.dll
0x00007ffc11190000 - 0x00007ffc111a6000 	C:\WINDOWS\SYSTEM32\dhcpcsvc6.DLL
0x00007ffc11560000 - 0x00007ffc1157a000 	C:\WINDOWS\SYSTEM32\dhcpcsvc.DLL

VM Arguments:
jvm_args: -Xmx1024m -Dfile.encoding=windows-1251 -Duser.country=RU -Duser.language=ru -Duser.variant 
java_command: org.gradle.launcher.daemon.bootstrap.GradleDaemon 4.6
java_class_path (initial): C:\Users\brrri\.gradle\wrapper\dists\gradle-4.6-all\bcst21l2brirad8k2ben1letg\gradle-4.6\lib\gradle-launcher-4.6.jar
Launcher Type: SUN_STANDARD

Environment Variables:
JAVA_HOME=C:\Program Files\Java\jdk-10.0.2
PATH=C:\Program Files (x86)\Common Files\Oracle\Java\javapath;C:\ProgramData\Oracle\Java\javapath;C:\Program Files (x86)\Borland\CBUILD~1\Bin;C:\Program Files (x86)\Borland\CBUILD~1\Projects\Bpl;C:\Program Files\Broadcom\Broadcom 802.11 Network Adapter;C:\Program Files (x86)\Intel\iCLS Client\;C:\Program Files\Intel\iCLS Client\;C:\Windows\System32;C:\Windows;C:\Windows\System32\wbem;C:\Windows\System32\WindowsPowerShell\v1.0\;C:\Program Files (x86)\Intel\Intel(R) Management Engine Components\DAL;C:\Program Files\Intel\Intel(R) Management Engine Components\DAL;C:\Program Files (x86)\Intel\Intel(R) Management Engine Components\IPT;C:\Program Files\Intel\Intel(R) Management Engine Components\IPT;C:\Program Files (x86)\NVIDIA Corporation\PhysX\Common;C:\WINDOWS\system32;C:\WINDOWS;C:\WINDOWS\System32\Wbem;C:\WINDOWS\System32\WindowsPowerShell\v1.0\;C:\WINDOWS\System32\OpenSSH\;C:\Program Files\Git\cmd;C:\Ruby24-x64\bin;C:\Users\brrri\AppData\Local\Microsoft\WindowsApps;
USERNAME=brrri
OS=Windows_NT
PROCESSOR_IDENTIFIER=Intel64 Family 6 Model 69 Stepping 1, GenuineIntel



---------------  S Y S T E M  ---------------

OS: Windows 10.0 , 64 bit Build 17134 (10.0.17134.1)

CPU:total 4 (initial active 4) (2 cores per cpu, 2 threads per core) family 6 model 69 stepping 1, cmov, cx8, fxsr, mmx, sse, sse2, sse3, ssse3, sse4.1, sse4.2, popcnt, avx, avx2, aes, clmul, erms, lzcnt, ht, tsc, tscinvbit, bmi1, bmi2

Memory: 4k page, physical 4112840k(273100k free), swap 4112840k(6296k free)

vm_info: OpenJDK 64-Bit Server VM (25.152-b06) for windows-amd64 JRE (1.8.0_152-release-1136-b06), built by "builder" with MS VC++ 10.0 (VS2010)

time: Wed Dec 19 17:57:47 2018
elapsed time: 7 seconds (0d 0h 0m 7s)

