#
# There is insufficient memory for the Java Runtime Environment to continue.
# Native memory allocation (malloc) failed to allocate 813696 bytes for Chunk::new
# Possible reasons:
#   The system is out of physical RAM or swap space
#   In 32 bit mode, the process size limit was hit
# Possible solutions:
#   Reduce memory load on the system
#   Increase physical memory or swap space
#   Check if swap backing store is full
#   Use 64 bit Java on a 64 bit OS
#   Decrease Java heap size (-Xmx/-Xms)
#   Decrease number of Java threads
#   Decrease Java thread stack sizes (-Xss)
#   Set larger code cache with -XX:ReservedCodeCacheSize=
# This output file may be truncated or incomplete.
#
#  Out of Memory Error (allocation.cpp:390), pid=140164, tid=0x0000000000018b68
#
# JRE version: OpenJDK Runtime Environment (8.0_152-b06) (build 1.8.0_152-release-1136-b06)
# Java VM: OpenJDK 64-Bit Server VM (25.152-b06 mixed mode windows-amd64 compressed oops)
# Failed to write core dump. Minidumps are not enabled by default on client versions of Windows
#

---------------  T H R E A D  ---------------

Current thread (0x0000000014d7a800):  JavaThread "C2 CompilerThread0" daemon [_thread_in_native, id=101224, stack(0x00000000163e0000,0x00000000164e0000)]

Stack: [0x00000000163e0000,0x00000000164e0000]
[error occurred during error reporting (printing stack bounds), id 0xc0000005]

Native frames: (J=compiled Java code, j=interpreted, Vv=VM code, C=native code)


Current CompileTask:
C2:   3521 1352       4       java.net.URLClassLoader$1::run (5 bytes)


---------------  P R O C E S S  ---------------

Java Threads: ( => current thread )
  0x0000000017e36800 JavaThread "File lock request listener" [_thread_in_native, id=142044, stack(0x0000000019840000,0x0000000019940000)]
  0x0000000017e10800 JavaThread "Cache worker for file hash cache (C:\Users\brrri\.gradle\caches\4.6\fileHashes)" [_thread_blocked, id=143188, stack(0x0000000019740000,0x0000000019840000)]
  0x0000000017c3f800 JavaThread "Stdin handler" [_thread_blocked, id=142584, stack(0x0000000019440000,0x0000000019540000)]
  0x0000000017b10800 JavaThread "Asynchronous log dispatcher for DefaultDaemonConnection: socket connection from /127.0.0.1:59158 to /127.0.0.1:59159" [_thread_blocked, id=132612, stack(0x0000000019340000,0x0000000019440000)]
  0x0000000017b19000 JavaThread "Daemon worker" [_thread_in_vm, id=143932, stack(0x0000000019240000,0x0000000019340000)]
  0x0000000017b16800 JavaThread "Cancel handler" [_thread_blocked, id=143196, stack(0x0000000019140000,0x0000000019240000)]
  0x0000000017c2c000 JavaThread "Handler for socket connection from /127.0.0.1:59158 to /127.0.0.1:59159" [_thread_in_native, id=142396, stack(0x0000000018e40000,0x0000000018f40000)]
  0x00000000179fe800 JavaThread "Daemon" [_thread_blocked, id=141712, stack(0x0000000018d40000,0x0000000018e40000)]
  0x0000000017bbf000 JavaThread "Daemon periodic checks" [_thread_blocked, id=133696, stack(0x0000000018c40000,0x0000000018d40000)]
  0x0000000017bc1800 JavaThread "Incoming local TCP Connector on port 59158" [_thread_in_native, id=141552, stack(0x00000000189f0000,0x0000000018af0000)]
  0x00000000166e1800 JavaThread "Service Thread" daemon [_thread_blocked, id=142804, stack(0x0000000016ae0000,0x0000000016be0000)]
  0x0000000014d92000 JavaThread "C1 CompilerThread2" daemon [_thread_blocked, id=51008, stack(0x00000000165e0000,0x00000000166e0000)]
  0x0000000014d7e800 JavaThread "C2 CompilerThread1" daemon [_thread_blocked, id=78684, stack(0x00000000164e0000,0x00000000165e0000)]
=>0x0000000014d7a800 JavaThread "C2 CompilerThread0" daemon [_thread_in_native, id=101224, stack(0x00000000163e0000,0x00000000164e0000)]
  0x0000000014d79000 JavaThread "Attach Listener" daemon [_thread_blocked, id=141372, stack(0x00000000162e0000,0x00000000163e0000)]
  0x0000000014d87800 JavaThread "Signal Dispatcher" daemon [_thread_blocked, id=143768, stack(0x00000000161e0000,0x00000000162e0000)]
  0x0000000014d68800 JavaThread "Finalizer" daemon [_thread_blocked, id=142876, stack(0x0000000015fe0000,0x00000000160e0000)]
  0x00000000026a1800 JavaThread "Reference Handler" daemon [_thread_blocked, id=142776, stack(0x0000000015ee0000,0x0000000015fe0000)]
  0x00000000025b2800 JavaThread "main" [_thread_blocked, id=142000, stack(0x0000000002450000,0x0000000002550000)]

Other Threads:
  0x0000000014d45000 VMThread [stack: 0x0000000015de0000,0x0000000015ee0000] [id=131752]
  0x00000000166e8000 WatcherThread [stack: 0x0000000016be0000,0x0000000016ce0000] [id=132332]

VM state:not at safepoint (normal execution)

VM Mutex/Monitor currently owned by a thread: None

Heap:
 PSYoungGen      total 37376K, used 7511K [0x00000000eab00000, 0x00000000ed600000, 0x0000000100000000)
  eden space 32256K, 9% used [0x00000000eab00000,0x00000000eadf9560,0x00000000eca80000)
  from space 5120K, 87% used [0x00000000ed000000,0x00000000ed45ca80,0x00000000ed500000)
  to   space 5632K, 0% used [0x00000000eca80000,0x00000000eca80000,0x00000000ed000000)
 ParOldGen       total 44032K, used 5038K [0x00000000c0000000, 0x00000000c2b00000, 0x00000000eab00000)
  object space 44032K, 11% used [0x00000000c0000000,0x00000000c04eb900,0x00000000c2b00000)
 Metaspace       used 14560K, capacity 14856K, committed 15104K, reserved 1062912K
  class space    used 2048K, capacity 2192K, committed 2304K, reserved 1048576K

Card table byte_map: [0x0000000011a70000,0x0000000011c80000] byte_map_base: 0x0000000011470000

Marking Bits: (ParMarkBitMap*) 0x0000000066875aa0
 Begin Bits: [0x00000000121e0000, 0x00000000131e0000)
 End Bits:   [0x00000000131e0000, 0x00000000141e0000)

Polling page: 0x0000000002400000

CodeCache: size=245760Kb used=4720Kb max_used=4721Kb free=241039Kb
 bounds [0x00000000026b0000, 0x0000000002b50000, 0x00000000116b0000]
 total_blobs=1725 nmethods=1356 adapters=282
 compilation: enabled

Compilation events (10 events):
Event: 3.486 Thread 0x0000000014d92000 1355       1       java.util.HashMap::afterNodeAccess (1 bytes)
Event: 3.486 Thread 0x0000000014d92000 nmethod 1355 0x0000000002b47f10 code [0x0000000002b48060, 0x0000000002b48170]
Event: 3.511 Thread 0x0000000014d92000 1356       3       java.lang.StringBuilder::append (10 bytes)
Event: 3.511 Thread 0x0000000014d92000 nmethod 1356 0x0000000002b47b90 code [0x0000000002b47d00, 0x0000000002b47e88]
Event: 3.511 Thread 0x0000000014d92000 1357       1       com.google.common.io.LineReader::access$000 (5 bytes)
Event: 3.511 Thread 0x0000000014d92000 nmethod 1357 0x0000000002b478d0 code [0x0000000002b47a20, 0x0000000002b47b10]
Event: 3.513 Thread 0x0000000014d92000 1358       3       com.google.common.io.LineBuffer::finishLine (61 bytes)
Event: 3.513 Thread 0x0000000014d92000 nmethod 1358 0x0000000002b4d1d0 code [0x0000000002b4d380, 0x0000000002b4da98]
Event: 3.513 Thread 0x0000000014d92000 1359       3       com.google.common.io.LineReader$1::handleLine (15 bytes)
Event: 3.514 Thread 0x0000000014d92000 nmethod 1359 0x0000000002b47350 code [0x0000000002b474c0, 0x0000000002b476e8]

GC Heap History (10 events):
Event: 1.450 GC heap before
{Heap before GC invocations=2 (full 0):
 PSYoungGen      total 18944K, used 18937K [0x00000000eab00000, 0x00000000ec000000, 0x0000000100000000)
  eden space 16384K, 100% used [0x00000000eab00000,0x00000000ebb00000,0x00000000ebb00000)
  from space 2560K, 99% used [0x00000000ebb00000,0x00000000ebd7e7c0,0x00000000ebd80000)
  to   space 2560K, 0% used [0x00000000ebd80000,0x00000000ebd80000,0x00000000ec000000)
 ParOldGen       total 44032K, used 404K [0x00000000c0000000, 0x00000000c2b00000, 0x00000000eab00000)
  object space 44032K, 0% used [0x00000000c0000000,0x00000000c0065170,0x00000000c2b00000)
 Metaspace       used 6966K, capacity 7064K, committed 7424K, reserved 1056768K
  class space    used 845K, capacity 909K, committed 1024K, reserved 1048576K
Event: 1.454 GC heap after
Heap after GC invocations=2 (full 0):
 PSYoungGen      total 18944K, used 2538K [0x00000000eab00000, 0x00000000ec000000, 0x0000000100000000)
  eden space 16384K, 0% used [0x00000000eab00000,0x00000000eab00000,0x00000000ebb00000)
  from space 2560K, 99% used [0x00000000ebd80000,0x00000000ebffa960,0x00000000ec000000)
  to   space 2560K, 0% used [0x00000000ebb00000,0x00000000ebb00000,0x00000000ebd80000)
 ParOldGen       total 44032K, used 592K [0x00000000c0000000, 0x00000000c2b00000, 0x00000000eab00000)
  object space 44032K, 1% used [0x00000000c0000000,0x00000000c0094128,0x00000000c2b00000)
 Metaspace       used 6966K, capacity 7064K, committed 7424K, reserved 1056768K
  class space    used 845K, capacity 909K, committed 1024K, reserved 1048576K
}
Event: 1.758 GC heap before
{Heap before GC invocations=3 (full 0):
 PSYoungGen      total 18944K, used 18922K [0x00000000eab00000, 0x00000000ec000000, 0x0000000100000000)
  eden space 16384K, 100% used [0x00000000eab00000,0x00000000ebb00000,0x00000000ebb00000)
  from space 2560K, 99% used [0x00000000ebd80000,0x00000000ebffa960,0x00000000ec000000)
  to   space 2560K, 0% used [0x00000000ebb00000,0x00000000ebb00000,0x00000000ebd80000)
 ParOldGen       total 44032K, used 592K [0x00000000c0000000, 0x00000000c2b00000, 0x00000000eab00000)
  object space 44032K, 1% used [0x00000000c0000000,0x00000000c0094128,0x00000000c2b00000)
 Metaspace       used 7259K, capacity 7442K, committed 7680K, reserved 1056768K
  class space    used 906K, capacity 950K, committed 1024K, reserved 1048576K
Event: 1.762 GC heap after
Heap after GC invocations=3 (full 0):
 PSYoungGen      total 18944K, used 2547K [0x00000000eab00000, 0x00000000ec000000, 0x0000000100000000)
  eden space 16384K, 0% used [0x00000000eab00000,0x00000000eab00000,0x00000000ebb00000)
  from space 2560K, 99% used [0x00000000ebb00000,0x00000000ebd7ce10,0x00000000ebd80000)
  to   space 2560K, 0% used [0x00000000ebd80000,0x00000000ebd80000,0x00000000ec000000)
 ParOldGen       total 44032K, used 1024K [0x00000000c0000000, 0x00000000c2b00000, 0x00000000eab00000)
  object space 44032K, 2% used [0x00000000c0000000,0x00000000c01000b8,0x00000000c2b00000)
 Metaspace       used 7259K, capacity 7442K, committed 7680K, reserved 1056768K
  class space    used 906K, capacity 950K, committed 1024K, reserved 1048576K
}
Event: 3.005 GC heap before
{Heap before GC invocations=4 (full 0):
 PSYoungGen      total 18944K, used 18931K [0x00000000eab00000, 0x00000000ec000000, 0x0000000100000000)
  eden space 16384K, 100% used [0x00000000eab00000,0x00000000ebb00000,0x00000000ebb00000)
  from space 2560K, 99% used [0x00000000ebb00000,0x00000000ebd7ce10,0x00000000ebd80000)
  to   space 2560K, 0% used [0x00000000ebd80000,0x00000000ebd80000,0x00000000ec000000)
 ParOldGen       total 44032K, used 1024K [0x00000000c0000000, 0x00000000c2b00000, 0x00000000eab00000)
  object space 44032K, 2% used [0x00000000c0000000,0x00000000c01000b8,0x00000000c2b00000)
 Metaspace       used 10846K, capacity 11092K, committed 11264K, reserved 1058816K
  class space    used 1421K, capacity 1522K, committed 1536K, reserved 1048576K
Event: 3.018 GC heap after
Heap after GC invocations=4 (full 0):
 PSYoungGen      total 18944K, used 2544K [0x00000000eab00000, 0x00000000ec000000, 0x0000000100000000)
  eden space 16384K, 0% used [0x00000000eab00000,0x00000000eab00000,0x00000000ebb00000)
  from space 2560K, 99% used [0x00000000ebd80000,0x00000000ebffc010,0x00000000ec000000)
  to   space 2560K, 0% used [0x00000000ebb00000,0x00000000ebb00000,0x00000000ebd80000)
 ParOldGen       total 44032K, used 3151K [0x00000000c0000000, 0x00000000c2b00000, 0x00000000eab00000)
  object space 44032K, 7% used [0x00000000c0000000,0x00000000c0313d58,0x00000000c2b00000)
 Metaspace       used 10846K, capacity 11092K, committed 11264K, reserved 1058816K
  class space    used 1421K, capacity 1522K, committed 1536K, reserved 1048576K
}
Event: 3.271 GC heap before
{Heap before GC invocations=5 (full 0):
 PSYoungGen      total 18944K, used 18928K [0x00000000eab00000, 0x00000000ec000000, 0x0000000100000000)
  eden space 16384K, 100% used [0x00000000eab00000,0x00000000ebb00000,0x00000000ebb00000)
  from space 2560K, 99% used [0x00000000ebd80000,0x00000000ebffc010,0x00000000ec000000)
  to   space 2560K, 0% used [0x00000000ebb00000,0x00000000ebb00000,0x00000000ebd80000)
 ParOldGen       total 44032K, used 3151K [0x00000000c0000000, 0x00000000c2b00000, 0x00000000eab00000)
  object space 44032K, 7% used [0x00000000c0000000,0x00000000c0313d58,0x00000000c2b00000)
 Metaspace       used 12826K, capacity 13220K, committed 13440K, reserved 1060864K
  class space    used 1749K, capacity 1902K, committed 1920K, reserved 1048576K
Event: 3.278 GC heap after
Heap after GC invocations=5 (full 0):
 PSYoungGen      total 18944K, used 2528K [0x00000000eab00000, 0x00000000ed500000, 0x0000000100000000)
  eden space 16384K, 0% used [0x00000000eab00000,0x00000000eab00000,0x00000000ebb00000)
  from space 2560K, 98% used [0x00000000ebb00000,0x00000000ebd78040,0x00000000ebd80000)
  to   space 5120K, 0% used [0x00000000ed000000,0x00000000ed000000,0x00000000ed500000)
 ParOldGen       total 44032K, used 5030K [0x00000000c0000000, 0x00000000c2b00000, 0x00000000eab00000)
  object space 44032K, 11% used [0x00000000c0000000,0x00000000c04e9900,0x00000000c2b00000)
 Metaspace       used 12826K, capacity 13220K, committed 13440K, reserved 1060864K
  class space    used 1749K, capacity 1902K, committed 1920K, reserved 1048576K
}
Event: 3.463 GC heap before
{Heap before GC invocations=6 (full 0):
 PSYoungGen      total 18944K, used 18912K [0x00000000eab00000, 0x00000000ed500000, 0x0000000100000000)
  eden space 16384K, 100% used [0x00000000eab00000,0x00000000ebb00000,0x00000000ebb00000)
  from space 2560K, 98% used [0x00000000ebb00000,0x00000000ebd78040,0x00000000ebd80000)
  to   space 5120K, 0% used [0x00000000ed000000,0x00000000ed000000,0x00000000ed500000)
 ParOldGen       total 44032K, used 5030K [0x00000000c0000000, 0x00000000c2b00000, 0x00000000eab00000)
  object space 44032K, 11% used [0x00000000c0000000,0x00000000c04e9900,0x00000000c2b00000)
 Metaspace       used 14193K, capacity 14536K, committed 14720K, reserved 1062912K
  class space    used 1984K, capacity 2128K, committed 2176K, reserved 1048576K
Event: 3.472 GC heap after
Heap after GC invocations=6 (full 0):
 PSYoungGen      total 37376K, used 4466K [0x00000000eab00000, 0x00000000ed600000, 0x0000000100000000)
  eden space 32256K, 0% used [0x00000000eab00000,0x00000000eab00000,0x00000000eca80000)
  from space 5120K, 87% used [0x00000000ed000000,0x00000000ed45ca80,0x00000000ed500000)
  to   space 5632K, 0% used [0x00000000eca80000,0x00000000eca80000,0x00000000ed000000)
 ParOldGen       total 44032K, used 5038K [0x00000000c0000000, 0x00000000c2b00000, 0x00000000eab00000)
  object space 44032K, 11% used [0x00000000c0000000,0x00000000c04eb900,0x00000000c2b00000)
 Metaspace       used 14193K, capacity 14536K, committed 14720K, reserved 1062912K
  class space    used 1984K, capacity 2128K, committed 2176K, reserved 1048576K
}

Deoptimization events (10 events):
Event: 1.807 Thread 0x00000000025b2800 Uncommon trap: reason=bimorphic action=maybe_recompile pc=0x0000000002933c08 method=java.util.HashMap.putVal(ILjava/lang/Object;Ljava/lang/Object;ZZ)Ljava/lang/Object; @ 91
Event: 2.017 Thread 0x00000000025b2800 Uncommon trap: reason=bimorphic action=maybe_recompile pc=0x00000000029efdd0 method=java.util.HashMap.putVal(ILjava/lang/Object;Ljava/lang/Object;ZZ)Ljava/lang/Object; @ 203
Event: 2.270 Thread 0x00000000025b2800 Uncommon trap: reason=unstable_if action=reinterpret pc=0x000000000295fdcc method=java.io.WinNTFileSystem.normalize(Ljava/lang/String;)Ljava/lang/String; @ 128
Event: 2.270 Thread 0x00000000025b2800 Uncommon trap: reason=unstable_if action=reinterpret pc=0x00000000029d59a4 method=java.io.WinNTFileSystem.normalize(Ljava/lang/String;II)Ljava/lang/String; @ 90
Event: 3.070 Thread 0x0000000017c2c000 Uncommon trap: reason=unstable_if action=reinterpret pc=0x0000000002aae470 method=java.util.concurrent.ConcurrentHashMap.putVal(Ljava/lang/Object;Ljava/lang/Object;Z)Ljava/lang/Object; @ 206
Event: 3.150 Thread 0x0000000017b19000 Uncommon trap: reason=bimorphic action=maybe_recompile pc=0x00000000029ef094 method=java.util.HashMap.putVal(ILjava/lang/Object;Ljava/lang/Object;ZZ)Ljava/lang/Object; @ 253
Event: 3.150 Thread 0x0000000017b19000 Uncommon trap: reason=bimorphic action=maybe_recompile pc=0x00000000029ef094 method=java.util.HashMap.putVal(ILjava/lang/Object;Ljava/lang/Object;ZZ)Ljava/lang/Object; @ 253
Event: 3.368 Thread 0x0000000017b19000 Uncommon trap: reason=class_check action=maybe_recompile pc=0x0000000002957444 method=java.util.regex.Matcher.match(II)Z @ 86
Event: 3.369 Thread 0x0000000017b19000 Uncommon trap: reason=class_check action=maybe_recompile pc=0x0000000002957444 method=java.util.regex.Matcher.match(II)Z @ 86
Event: 3.424 Thread 0x0000000017b19000 Uncommon trap: reason=class_check action=maybe_recompile pc=0x000000000292e05c method=java.util.regex.Matcher.match(II)Z @ 86

Classes redefined (0 events):
No events

Internal exceptions (10 events):
Event: 3.086 Thread 0x0000000017c2c000 Exception <a 'java/lang/NoSuchMethodError': <clinit>> (0x00000000eadd3ae8) thrown at [D:\src\AOSP-openjdk-cygwin\jdk8u\hotspot\src\share\vm\prims\jni.cpp, line 1613]
Event: 3.087 Thread 0x0000000017c2c000 Exception <a 'java/lang/NoSuchMethodError': <clinit>> (0x00000000eade5158) thrown at [D:\src\AOSP-openjdk-cygwin\jdk8u\hotspot\src\share\vm\prims\jni.cpp, line 1613]
Event: 3.101 Thread 0x0000000017c2c000 Exception <a 'java/lang/NoSuchMethodError': <clinit>> (0x00000000eae590f8) thrown at [D:\src\AOSP-openjdk-cygwin\jdk8u\hotspot\src\share\vm\prims\jni.cpp, line 1613]
Event: 3.104 Thread 0x0000000017c2c000 Exception <a 'java/lang/NoSuchMethodError': <clinit>> (0x00000000eae7e3a0) thrown at [D:\src\AOSP-openjdk-cygwin\jdk8u\hotspot\src\share\vm\prims\jni.cpp, line 1613]
Event: 3.111 Thread 0x0000000017c2c000 Exception <a 'java/lang/NoSuchMethodError': <clinit>> (0x00000000eaeaa578) thrown at [D:\src\AOSP-openjdk-cygwin\jdk8u\hotspot\src\share\vm\prims\jni.cpp, line 1613]
Event: 3.111 Thread 0x0000000017c2c000 Exception <a 'java/lang/NoSuchMethodError': <clinit>> (0x00000000eaeb5918) thrown at [D:\src\AOSP-openjdk-cygwin\jdk8u\hotspot\src\share\vm\prims\jni.cpp, line 1613]
Event: 3.113 Thread 0x0000000017c2c000 Exception <a 'java/lang/NoSuchMethodError': <clinit>> (0x00000000eaec11c0) thrown at [D:\src\AOSP-openjdk-cygwin\jdk8u\hotspot\src\share\vm\prims\jni.cpp, line 1613]
Event: 3.116 Thread 0x0000000017c2c000 Exception <a 'java/lang/NoSuchMethodError': <clinit>> (0x00000000eaee5a58) thrown at [D:\src\AOSP-openjdk-cygwin\jdk8u\hotspot\src\share\vm\prims\jni.cpp, line 1613]
Event: 3.137 Thread 0x0000000017b19000 Exception <a 'java/lang/NoSuchMethodError': <clinit>> (0x00000000eafc6b68) thrown at [D:\src\AOSP-openjdk-cygwin\jdk8u\hotspot\src\share\vm\prims\jni.cpp, line 1613]
Event: 3.137 Thread 0x0000000017b19000 Exception <a 'java/lang/NoSuchMethodError': <clinit>> (0x00000000eafcedf0) thrown at [D:\src\AOSP-openjdk-cygwin\jdk8u\hotspot\src\share\vm\prims\jni.cpp, line 1613]

Events (10 events):
Event: 3.515 loading class com/google/common/base/CharMatcher$BitSetMatcher
Event: 3.515 loading class com/google/common/base/CharMatcher$BitSetMatcher done
Event: 3.516 loading class com/google/common/base/CharMatcher$FastMatcher
Event: 3.516 loading class com/google/common/base/CharMatcher$FastMatcher done
Event: 3.516 loading class com/google/common/base/CharMatcher$NegatedFastMatcher
Event: 3.516 loading class com/google/common/base/CharMatcher$NegatedFastMatcher done
Event: 3.516 loading class com/google/common/base/CharMatcher$NegatedMatcher
Event: 3.516 loading class com/google/common/base/CharMatcher$NegatedMatcher done
Event: 3.517 loading class com/google/common/base/CharMatcher$12
Event: 3.517 loading class com/google/common/base/CharMatcher$12 done


Dynamic libraries:
0x00007ff67d530000 - 0x00007ff67d561000 	C:\Program Files\Android\Android Studio\jre\bin\java.exe
0x00007ffc1e610000 - 0x00007ffc1e7f1000 	C:\WINDOWS\SYSTEM32\ntdll.dll
0x00007ffc1c6f0000 - 0x00007ffc1c7a2000 	C:\WINDOWS\System32\KERNEL32.DLL
0x00007ffc1b590000 - 0x00007ffc1b803000 	C:\WINDOWS\System32\KERNELBASE.dll
0x00007ffc1c130000 - 0x00007ffc1c1d1000 	C:\WINDOWS\System32\ADVAPI32.dll
0x00007ffc1c7b0000 - 0x00007ffc1c84e000 	C:\WINDOWS\System32\msvcrt.dll
0x00007ffc1c850000 - 0x00007ffc1c8ab000 	C:\WINDOWS\System32\sechost.dll
0x00007ffc1dec0000 - 0x00007ffc1dfe4000 	C:\WINDOWS\System32\RPCRT4.dll
0x00007ffc1e450000 - 0x00007ffc1e5e0000 	C:\WINDOWS\System32\USER32.dll
0x00007ffc1adb0000 - 0x00007ffc1add0000 	C:\WINDOWS\System32\win32u.dll
0x00007ffc1c300000 - 0x00007ffc1c328000 	C:\WINDOWS\System32\GDI32.dll
0x00007ffc1aae0000 - 0x00007ffc1ac72000 	C:\WINDOWS\System32\gdi32full.dll
0x00007ffc1b810000 - 0x00007ffc1b8af000 	C:\WINDOWS\System32\msvcp_win.dll
0x00007ffc1a9e0000 - 0x00007ffc1aada000 	C:\WINDOWS\System32\ucrtbase.dll
0x00007ffbfede0000 - 0x00007ffbff049000 	C:\WINDOWS\WinSxS\amd64_microsoft.windows.common-controls_6595b64144ccf1df_6.0.17134.471_none_fb3e9aab3068fc16\COMCTL32.dll
0x00007ffc1bda0000 - 0x00007ffc1c0c2000 	C:\WINDOWS\System32\combase.dll
0x00007ffc1ad30000 - 0x00007ffc1adaa000 	C:\WINDOWS\System32\bcryptPrimitives.dll
0x00007ffc1c260000 - 0x00007ffc1c28d000 	C:\WINDOWS\System32\IMM32.DLL
0x0000000067c60000 - 0x0000000067d32000 	C:\Program Files\Android\Android Studio\jre\jre\bin\msvcr100.dll
0x00000000660b0000 - 0x00000000668f1000 	C:\Program Files\Android\Android Studio\jre\jre\bin\server\jvm.dll
0x00007ffc1e440000 - 0x00007ffc1e448000 	C:\WINDOWS\System32\PSAPI.DLL
0x00007ffc12310000 - 0x00007ffc1231a000 	C:\WINDOWS\SYSTEM32\VERSION.dll
0x00007ffc172a0000 - 0x00007ffc172c3000 	C:\WINDOWS\SYSTEM32\WINMM.dll
0x00007ffc16900000 - 0x00007ffc16909000 	C:\WINDOWS\SYSTEM32\WSOCK32.dll
0x00007ffc1de50000 - 0x00007ffc1debc000 	C:\WINDOWS\System32\WS2_32.dll
0x00007ffc17220000 - 0x00007ffc1724a000 	C:\WINDOWS\SYSTEM32\WINMMBASE.dll
0x00007ffc1ac80000 - 0x00007ffc1acc9000 	C:\WINDOWS\System32\cfgmgr32.dll
0x00007ffc16910000 - 0x00007ffc1691f000 	C:\Program Files\Android\Android Studio\jre\jre\bin\verify.dll
0x00007ffc0e050000 - 0x00007ffc0e079000 	C:\Program Files\Android\Android Studio\jre\jre\bin\java.dll
0x00007ffc13ee0000 - 0x00007ffc13ef6000 	C:\Program Files\Android\Android Studio\jre\jre\bin\zip.dll
0x00007ffc1c910000 - 0x00007ffc1dd50000 	C:\WINDOWS\System32\SHELL32.dll
0x00007ffc1c420000 - 0x00007ffc1c4c9000 	C:\WINDOWS\System32\shcore.dll
0x00007ffc1ae80000 - 0x00007ffc1b58d000 	C:\WINDOWS\System32\windows.storage.dll
0x00007ffc1c0d0000 - 0x00007ffc1c121000 	C:\WINDOWS\System32\shlwapi.dll
0x00007ffc1a9a0000 - 0x00007ffc1a9b1000 	C:\WINDOWS\System32\kernel.appcore.dll
0x00007ffc1a9c0000 - 0x00007ffc1a9df000 	C:\WINDOWS\System32\profapi.dll
0x00007ffc1a950000 - 0x00007ffc1a99c000 	C:\WINDOWS\System32\powrprof.dll
0x00007ffc1a920000 - 0x00007ffc1a92a000 	C:\WINDOWS\System32\FLTLIB.DLL
0x00007ffc12890000 - 0x00007ffc128aa000 	C:\Program Files\Android\Android Studio\jre\jre\bin\net.dll
0x00007ffc1a1a0000 - 0x00007ffc1a206000 	C:\WINDOWS\system32\mswsock.dll
0x00007ffc0df50000 - 0x00007ffc0df61000 	C:\Program Files\Android\Android Studio\jre\jre\bin\nio.dll
0x00007ffc0bf40000 - 0x00007ffc0bf5e000 	C:\Users\brrri\.gradle\native\25\windows-amd64\native-platform.dll
0x00007ffc15120000 - 0x00007ffc1512d000 	C:\Program Files\Android\Android Studio\jre\jre\bin\management.dll
0x00007ffc1a350000 - 0x00007ffc1a367000 	C:\WINDOWS\SYSTEM32\CRYPTSP.dll
0x00007ffc19d80000 - 0x00007ffc19db3000 	C:\WINDOWS\system32\rsaenh.dll
0x00007ffc1a480000 - 0x00007ffc1a4a5000 	C:\WINDOWS\SYSTEM32\bcrypt.dll
0x00007ffc1a820000 - 0x00007ffc1a848000 	C:\WINDOWS\SYSTEM32\USERENV.dll
0x00007ffc1a370000 - 0x00007ffc1a37b000 	C:\WINDOWS\SYSTEM32\CRYPTBASE.dll
0x00007ffc19f20000 - 0x00007ffc19f58000 	C:\WINDOWS\SYSTEM32\IPHLPAPI.DLL
0x00007ffc1dd50000 - 0x00007ffc1dd58000 	C:\WINDOWS\System32\NSI.dll
0x00007ffc11190000 - 0x00007ffc111a6000 	C:\WINDOWS\SYSTEM32\dhcpcsvc6.DLL
0x00007ffc11560000 - 0x00007ffc1157a000 	C:\WINDOWS\SYSTEM32\dhcpcsvc.DLL

VM Arguments:
jvm_args: -Xmx1024m -Dfile.encoding=windows-1251 -Duser.country=RU -Duser.language=ru -Duser.variant 
java_command: org.gradle.launcher.daemon.bootstrap.GradleDaemon 4.6
java_class_path (initial): C:\Users\brrri\.gradle\wrapper\dists\gradle-4.6-all\bcst21l2brirad8k2ben1letg\gradle-4.6\lib\gradle-launcher-4.6.jar
Launcher Type: SUN_STANDARD

Environment Variables:
JAVA_HOME=C:\Program Files\Java\jdk-10.0.2
PATH=C:\Program Files (x86)\Common Files\Oracle\Java\javapath;C:\ProgramData\Oracle\Java\javapath;C:\Program Files (x86)\Borland\CBUILD~1\Bin;C:\Program Files (x86)\Borland\CBUILD~1\Projects\Bpl;C:\Program Files\Broadcom\Broadcom 802.11 Network Adapter;C:\Program Files (x86)\Intel\iCLS Client\;C:\Program Files\Intel\iCLS Client\;C:\Windows\System32;C:\Windows;C:\Windows\System32\wbem;C:\Windows\System32\WindowsPowerShell\v1.0\;C:\Program Files (x86)\Intel\Intel(R) Management Engine Components\DAL;C:\Program Files\Intel\Intel(R) Management Engine Components\DAL;C:\Program Files (x86)\Intel\Intel(R) Management Engine Components\IPT;C:\Program Files\Intel\Intel(R) Management Engine Components\IPT;C:\Program Files (x86)\NVIDIA Corporation\PhysX\Common;C:\WINDOWS\system32;C:\WINDOWS;C:\WINDOWS\System32\Wbem;C:\WINDOWS\System32\WindowsPowerShell\v1.0\;C:\WINDOWS\System32\OpenSSH\;C:\Program Files\Git\cmd;C:\Ruby24-x64\bin;C:\Users\brrri\AppData\Local\Microsoft\WindowsApps;
USERNAME=brrri
OS=Windows_NT
PROCESSOR_IDENTIFIER=Intel64 Family 6 Model 69 Stepping 1, GenuineIntel



---------------  S Y S T E M  ---------------

OS: Windows 10.0 , 64 bit Build 17134 (10.0.17134.1)

CPU:total 4 (initial active 4) (2 cores per cpu, 2 threads per core) family 6 model 69 stepping 1, cmov, cx8, fxsr, mmx, sse, sse2, sse3, ssse3, sse4.1, sse4.2, popcnt, avx, avx2, aes, clmul, erms, lzcnt, ht, tsc, tscinvbit, bmi1, bmi2

Memory: 4k page, physical 4112840k(303688k free), swap 4112840k(4316k free)

vm_info: OpenJDK 64-Bit Server VM (25.152-b06) for windows-amd64 JRE (1.8.0_152-release-1136-b06), built by "builder" with MS VC++ 10.0 (VS2010)

time: Wed Dec 19 17:58:27 2018
elapsed time: 3 seconds (0d 0h 0m 3s)

