#
# There is insufficient memory for the Java Runtime Environment to continue.
# Native memory allocation (malloc) failed to allocate 32744 bytes for ChunkPool::allocate
# Possible reasons:
#   The system is out of physical RAM or swap space
#   In 32 bit mode, the process size limit was hit
# Possible solutions:
#   Reduce memory load on the system
#   Increase physical memory or swap space
#   Check if swap backing store is full
#   Use 64 bit Java on a 64 bit OS
#   Decrease Java heap size (-Xmx/-Xms)
#   Decrease number of Java threads
#   Decrease Java thread stack sizes (-Xss)
#   Set larger code cache with -XX:ReservedCodeCacheSize=
# This output file may be truncated or incomplete.
#
#  Out of Memory Error (allocation.cpp:273), pid=138880, tid=0x0000000000022ebc
#
# JRE version: OpenJDK Runtime Environment (8.0_152-b06) (build 1.8.0_152-release-1136-b06)
# Java VM: OpenJDK 64-Bit Server VM (25.152-b06 mixed mode windows-amd64 compressed oops)
# Failed to write core dump. Minidumps are not enabled by default on client versions of Windows
#

---------------  T H R E A D  ---------------

Current thread (0x0000000017db2000):  JavaThread "Daemon worker" [_thread_in_vm, id=143036, stack(0x0000000019230000,0x0000000019330000)]

Stack: [0x0000000019230000,0x0000000019330000]
[error occurred during error reporting (printing stack bounds), id 0xc0000005]

Native frames: (J=compiled Java code, j=interpreted, Vv=VM code, C=native code)

Java frames: (J=compiled Java code, j=interpreted, Vv=VM code)
J 719  java.lang.ClassLoader.defineClass1(Ljava/lang/String;[BIILjava/security/ProtectionDomain;Ljava/lang/String;)Ljava/lang/Class; (0 bytes) @ 0x00000000029a515f [0x00000000029a50c0+0x9f]
J 731 C1 java.lang.ClassLoader.defineClass(Ljava/lang/String;[BIILjava/security/ProtectionDomain;)Ljava/lang/Class; (43 bytes) @ 0x00000000029b4964 [0x00000000029b4380+0x5e4]
J 404 C1 java.net.URLClassLoader.defineClass(Ljava/lang/String;Lsun/misc/Resource;)Ljava/lang/Class; (142 bytes) @ 0x0000000002896124 [0x00000000028945c0+0x1b64]
J 288 C1 java.net.URLClassLoader$1.run()Ljava/lang/Class; (63 bytes) @ 0x000000000284db6c [0x000000000284d8a0+0x2cc]
J 287 C1 java.net.URLClassLoader$1.run()Ljava/lang/Object; (5 bytes) @ 0x000000000284e28c [0x000000000284e200+0x8c]
v  ~StubRoutines::call_stub
J 227  java.security.AccessController.doPrivileged(Ljava/security/PrivilegedExceptionAction;Ljava/security/AccessControlContext;)Ljava/lang/Object; (0 bytes) @ 0x000000000282a4a6 [0x000000000282a440+0x66]
J 1337 C2 java.net.URLClassLoader.findClass(Ljava/lang/String;)Ljava/lang/Class; (47 bytes) @ 0x0000000002b3ad30 [0x0000000002b3aca0+0x90]
J 1292 C2 java.lang.ClassLoader.loadClass(Ljava/lang/String;Z)Ljava/lang/Class; (122 bytes) @ 0x0000000002b348c4 [0x0000000002b338c0+0x1004]
J 290 C1 java.lang.ClassLoader.loadClass(Ljava/lang/String;)Ljava/lang/Class; (7 bytes) @ 0x000000000284f24c [0x000000000284f140+0x10c]
v  ~StubRoutines::call_stub
j  org.gradle.internal.service.scopes.GradleUserHomeScopeServices.createCachingFileHasher(Lorg/gradle/api/internal/cache/StringInterner;Lorg/gradle/api/internal/changedetection/state/CrossBuildFileHashCache;Lorg/gradle/internal/nativeintegration/filesystem/FileSystem;Lorg/gradle/api/internal/changedetection/state/GlobalScopeFileTimeStampInspector;Lorg/gradle/internal/hash/StreamHasher;)Lorg/gradle/internal/hash/FileHasher;+0
v  ~StubRoutines::call_stub
j  sun.reflect.NativeMethodAccessorImpl.invoke0(Ljava/lang/reflect/Method;Ljava/lang/Object;[Ljava/lang/Object;)Ljava/lang/Object;+0
j  sun.reflect.NativeMethodAccessorImpl.invoke(Ljava/lang/Object;[Ljava/lang/Object;)Ljava/lang/Object;+100
J 991 C1 sun.reflect.DelegatingMethodAccessorImpl.invoke(Ljava/lang/Object;[Ljava/lang/Object;)Ljava/lang/Object; (10 bytes) @ 0x0000000002a51d84 [0x0000000002a51c80+0x104]
J 990 C1 java.lang.reflect.Method.invoke(Ljava/lang/Object;[Ljava/lang/Object;)Ljava/lang/Object; (62 bytes) @ 0x0000000002a5252c [0x0000000002a52140+0x3ec]
j  org.gradle.internal.reflect.JavaMethod.invoke(Ljava/lang/Object;[Ljava/lang/Object;)Ljava/lang/Object;+6
j  org.gradle.internal.service.ReflectionBasedServiceMethod.invoke(Ljava/lang/Object;[Ljava/lang/Object;)Ljava/lang/Object;+6
j  org.gradle.internal.service.DefaultServiceRegistry$FactoryMethodService.invokeMethod([Ljava/lang/Object;)Ljava/lang/Object;+9
j  org.gradle.internal.service.DefaultServiceRegistry$FactoryService.create()Ljava/lang/Object;+7
j  org.gradle.internal.service.DefaultServiceRegistry$ManagedObjectServiceProvider.getInstance()Ljava/lang/Object;+24
j  org.gradle.internal.service.DefaultServiceRegistry$SingletonService.get()Ljava/lang/Object;+1
j  org.gradle.internal.service.DefaultServiceRegistry$FactoryService.assembleParameters()[Ljava/lang/Object;+44
j  org.gradle.internal.service.DefaultServiceRegistry$FactoryService.create()Ljava/lang/Object;+1
j  org.gradle.internal.service.DefaultServiceRegistry$ManagedObjectServiceProvider.getInstance()Ljava/lang/Object;+24
j  org.gradle.internal.service.DefaultServiceRegistry$SingletonService.get()Ljava/lang/Object;+1
j  org.gradle.internal.service.DefaultServiceRegistry$FactoryService.assembleParameters()[Ljava/lang/Object;+44
j  org.gradle.internal.service.DefaultServiceRegistry$FactoryService.create()Ljava/lang/Object;+1
j  org.gradle.internal.service.DefaultServiceRegistry$ManagedObjectServiceProvider.getInstance()Ljava/lang/Object;+24
j  org.gradle.internal.service.DefaultServiceRegistry$SingletonService.get()Ljava/lang/Object;+1
j  org.gradle.internal.service.DefaultServiceRegistry$FactoryService.assembleParameters()[Ljava/lang/Object;+44
j  org.gradle.internal.service.DefaultServiceRegistry$FactoryService.create()Ljava/lang/Object;+1
j  org.gradle.internal.service.DefaultServiceRegistry$ManagedObjectServiceProvider.getInstance()Ljava/lang/Object;+24
j  org.gradle.internal.service.DefaultServiceRegistry$SingletonService.get()Ljava/lang/Object;+1
j  org.gradle.internal.service.DefaultServiceRegistry$FactoryService.assembleParameters()[Ljava/lang/Object;+44
j  org.gradle.internal.service.DefaultServiceRegistry$FactoryService.create()Ljava/lang/Object;+1
j  org.gradle.internal.service.DefaultServiceRegistry$ManagedObjectServiceProvider.getInstance()Ljava/lang/Object;+24
j  org.gradle.internal.service.DefaultServiceRegistry$SingletonService.get()Ljava/lang/Object;+1
j  org.gradle.internal.service.DefaultServiceRegistry$FactoryService.assembleParameters()[Ljava/lang/Object;+44
j  org.gradle.internal.service.DefaultServiceRegistry$FactoryService.create()Ljava/lang/Object;+1
j  org.gradle.internal.service.DefaultServiceRegistry$ManagedObjectServiceProvider.getInstance()Ljava/lang/Object;+24
j  org.gradle.internal.service.DefaultServiceRegistry$SingletonService.get()Ljava/lang/Object;+1
j  org.gradle.internal.service.DefaultServiceRegistry$FactoryService.assembleParameters()[Ljava/lang/Object;+44
j  org.gradle.internal.service.DefaultServiceRegistry$FactoryService.create()Ljava/lang/Object;+1
j  org.gradle.internal.service.DefaultServiceRegistry$ManagedObjectServiceProvider.getInstance()Ljava/lang/Object;+24
j  org.gradle.internal.service.DefaultServiceRegistry$SingletonService.get()Ljava/lang/Object;+1
j  org.gradle.internal.service.DefaultServiceRegistry.get(Ljava/lang/reflect/Type;)Ljava/lang/Object;+22
j  org.gradle.internal.service.DefaultServiceRegistry.get(Ljava/lang/Class;)Ljava/lang/Object;+3
j  org.gradle.internal.service.scopes.BuildScopeServices.defaultScriptPluginFactory()Lorg/gradle/configuration/DefaultScriptPluginFactory;+8
j  org.gradle.internal.service.scopes.BuildScopeServices.createScriptPluginFactory(Lorg/gradle/api/internal/InstantiatorFactory;Lorg/gradle/internal/operations/BuildOperationExecutor;)Lorg/gradle/configuration/ScriptPluginFactory;+1
v  ~StubRoutines::call_stub
j  sun.reflect.NativeMethodAccessorImpl.invoke0(Ljava/lang/reflect/Method;Ljava/lang/Object;[Ljava/lang/Object;)Ljava/lang/Object;+0
j  sun.reflect.NativeMethodAccessorImpl.invoke(Ljava/lang/Object;[Ljava/lang/Object;)Ljava/lang/Object;+100
J 991 C1 sun.reflect.DelegatingMethodAccessorImpl.invoke(Ljava/lang/Object;[Ljava/lang/Object;)Ljava/lang/Object; (10 bytes) @ 0x0000000002a51d84 [0x0000000002a51c80+0x104]
J 990 C1 java.lang.reflect.Method.invoke(Ljava/lang/Object;[Ljava/lang/Object;)Ljava/lang/Object; (62 bytes) @ 0x0000000002a5252c [0x0000000002a52140+0x3ec]
j  org.gradle.internal.reflect.JavaMethod.invoke(Ljava/lang/Object;[Ljava/lang/Object;)Ljava/lang/Object;+6
j  org.gradle.internal.service.ReflectionBasedServiceMethod.invoke(Ljava/lang/Object;[Ljava/lang/Object;)Ljava/lang/Object;+6
j  org.gradle.internal.service.DefaultServiceRegistry$FactoryMethodService.invokeMethod([Ljava/lang/Object;)Ljava/lang/Object;+9
j  org.gradle.internal.service.DefaultServiceRegistry$FactoryService.create()Ljava/lang/Object;+7
j  org.gradle.internal.service.DefaultServiceRegistry$ManagedObjectServiceProvider.getInstance()Ljava/lang/Object;+24
j  org.gradle.internal.service.DefaultServiceRegistry$SingletonService.get()Ljava/lang/Object;+1
j  org.gradle.internal.service.DefaultServiceRegistry$FactoryService.assembleParameters()[Ljava/lang/Object;+44
j  org.gradle.internal.service.DefaultServiceRegistry$FactoryService.create()Ljava/lang/Object;+1
j  org.gradle.internal.service.DefaultServiceRegistry$ManagedObjectServiceProvider.getInstance()Ljava/lang/Object;+24
j  org.gradle.internal.service.DefaultServiceRegistry$SingletonService.get()Ljava/lang/Object;+1
j  org.gradle.internal.service.DefaultServiceRegistry$FactoryService.assembleParameters()[Ljava/lang/Object;+44
j  org.gradle.internal.service.DefaultServiceRegistry$FactoryService.create()Ljava/lang/Object;+1
j  org.gradle.internal.service.DefaultServiceRegistry$ManagedObjectServiceProvider.getInstance()Ljava/lang/Object;+24
j  org.gradle.internal.service.DefaultServiceRegistry$SingletonService.get()Ljava/lang/Object;+1
j  org.gradle.internal.service.DefaultServiceRegistry.get(Ljava/lang/reflect/Type;)Ljava/lang/Object;+22
j  org.gradle.internal.service.DefaultServiceRegistry.get(Ljava/lang/Class;)Ljava/lang/Object;+3
j  org.gradle.initialization.DefaultGradleLauncherFactory.doNewInstance(Lorg/gradle/api/internal/BuildDefinition;Lorg/gradle/initialization/GradleLauncher;Lorg/gradle/initialization/BuildCancellationToken;Lorg/gradle/initialization/BuildRequestMetaData;Lorg/gradle/initialization/BuildEventConsumer;Lorg/gradle/internal/service/scopes/BuildTreeScopeServices;Ljava/util/List;)Lorg/gradle/initialization/DefaultGradleLauncher;+398
j  org.gradle.initialization.DefaultGradleLauncherFactory.newInstance(Lorg/gradle/StartParameter;Lorg/gradle/initialization/BuildRequestContext;Lorg/gradle/internal/service/ServiceRegistry;)Lorg/gradle/initialization/GradleLauncher;+76
j  org.gradle.launcher.exec.InProcessBuildActionExecuter.execute(Lorg/gradle/internal/invocation/BuildAction;Lorg/gradle/initialization/BuildRequestContext;Lorg/gradle/launcher/exec/BuildActionParameters;Lorg/gradle/internal/service/ServiceRegistry;)Ljava/lang/Object;+13
j  org.gradle.launcher.exec.InProcessBuildActionExecuter.execute(Lorg/gradle/internal/invocation/BuildAction;Lorg/gradle/initialization/BuildRequestContext;Ljava/lang/Object;Lorg/gradle/internal/service/ServiceRegistry;)Ljava/lang/Object;+9
j  org.gradle.launcher.exec.BuildTreeScopeBuildActionExecuter.execute(Lorg/gradle/internal/invocation/BuildAction;Lorg/gradle/initialization/BuildRequestContext;Lorg/gradle/launcher/exec/BuildActionParameters;Lorg/gradle/internal/service/ServiceRegistry;)Ljava/lang/Object;+38
j  org.gradle.launcher.exec.BuildTreeScopeBuildActionExecuter.execute(Lorg/gradle/internal/invocation/BuildAction;Lorg/gradle/initialization/BuildRequestContext;Ljava/lang/Object;Lorg/gradle/internal/service/ServiceRegistry;)Ljava/lang/Object;+9
j  org.gradle.tooling.internal.provider.ContinuousBuildActionExecuter.execute(Lorg/gradle/internal/invocation/BuildAction;Lorg/gradle/initialization/BuildRequestContext;Lorg/gradle/launcher/exec/BuildActionParameters;Lorg/gradle/internal/service/ServiceRegistry;)Ljava/lang/Object;+63
j  org.gradle.tooling.internal.provider.ContinuousBuildActionExecuter.execute(Lorg/gradle/internal/invocation/BuildAction;Lorg/gradle/initialization/BuildRequestContext;Ljava/lang/Object;Lorg/gradle/internal/service/ServiceRegistry;)Ljava/lang/Object;+9
j  org.gradle.tooling.internal.provider.ServicesSetupBuildActionExecuter.execute(Lorg/gradle/internal/invocation/BuildAction;Lorg/gradle/initialization/BuildRequestContext;Lorg/gradle/launcher/exec/BuildActionParameters;Lorg/gradle/internal/service/ServiceRegistry;)Ljava/lang/Object;+86
j  org.gradle.tooling.internal.provider.ServicesSetupBuildActionExecuter.execute(Lorg/gradle/internal/invocation/BuildAction;Lorg/gradle/initialization/BuildRequestContext;Ljava/lang/Object;Lorg/gradle/internal/service/ServiceRegistry;)Ljava/lang/Object;+9
j  org.gradle.tooling.internal.provider.GradleThreadBuildActionExecuter.execute(Lorg/gradle/internal/invocation/BuildAction;Lorg/gradle/initialization/BuildRequestContext;Lorg/gradle/launcher/exec/BuildActionParameters;Lorg/gradle/internal/service/ServiceRegistry;)Ljava/lang/Object;+12
j  org.gradle.tooling.internal.provider.GradleThreadBuildActionExecuter.execute(Lorg/gradle/internal/invocation/BuildAction;Lorg/gradle/initialization/BuildRequestContext;Ljava/lang/Object;Lorg/gradle/internal/service/ServiceRegistry;)Ljava/lang/Object;+9
j  org.gradle.tooling.internal.provider.ParallelismConfigurationBuildActionExecuter.execute(Lorg/gradle/internal/invocation/BuildAction;Lorg/gradle/initialization/BuildRequestContext;Lorg/gradle/launcher/exec/BuildActionParameters;Lorg/gradle/internal/service/ServiceRegistry;)Ljava/lang/Object;+43
j  org.gradle.tooling.internal.provider.ParallelismConfigurationBuildActionExecuter.execute(Lorg/gradle/internal/invocation/BuildAction;Lorg/gradle/initialization/BuildRequestContext;Ljava/lang/Object;Lorg/gradle/internal/service/ServiceRegistry;)Ljava/lang/Object;+9
j  org.gradle.tooling.internal.provider.StartParamsValidatingActionExecuter.execute(Lorg/gradle/internal/invocation/BuildAction;Lorg/gradle/initialization/BuildRequestContext;Lorg/gradle/launcher/exec/BuildActionParameters;Lorg/gradle/internal/service/ServiceRegistry;)Ljava/lang/Object;+257
j  org.gradle.tooling.internal.provider.StartParamsValidatingActionExecuter.execute(Lorg/gradle/internal/invocation/BuildAction;Lorg/gradle/initialization/BuildRequestContext;Ljava/lang/Object;Lorg/gradle/internal/service/ServiceRegistry;)Ljava/lang/Object;+9
j  org.gradle.tooling.internal.provider.SessionFailureReportingActionExecuter.execute(Lorg/gradle/internal/invocation/BuildAction;Lorg/gradle/initialization/BuildRequestContext;Lorg/gradle/launcher/exec/BuildActionParameters;Lorg/gradle/internal/service/ServiceRegistry;)Ljava/lang/Object;+9
j  org.gradle.tooling.internal.provider.SessionFailureReportingActionExecuter.execute(Lorg/gradle/internal/invocation/BuildAction;Lorg/gradle/initialization/BuildRequestContext;Ljava/lang/Object;Lorg/gradle/internal/service/ServiceRegistry;)Ljava/lang/Object;+9
j  org.gradle.tooling.internal.provider.SetupLoggingActionExecuter.execute(Lorg/gradle/internal/invocation/BuildAction;Lorg/gradle/initialization/BuildRequestContext;Lorg/gradle/launcher/exec/BuildActionParameters;Lorg/gradle/internal/service/ServiceRegistry;)Ljava/lang/Object;+42
j  org.gradle.tooling.internal.provider.SetupLoggingActionExecuter.execute(Lorg/gradle/internal/invocation/BuildAction;Lorg/gradle/initialization/BuildRequestContext;Ljava/lang/Object;Lorg/gradle/internal/service/ServiceRegistry;)Ljava/lang/Object;+9
j  org.gradle.launcher.daemon.server.exec.ExecuteBuild.doBuild(Lorg/gradle/launcher/daemon/server/api/DaemonCommandExecution;Lorg/gradle/launcher/daemon/protocol/Build;)V+114
j  org.gradle.launcher.daemon.server.exec.BuildCommandOnly.execute(Lorg/gradle/launcher/daemon/server/api/DaemonCommandExecution;)V+49
j  org.gradle.launcher.daemon.server.api.DaemonCommandExecution.proceed()Z+28
j  org.gradle.launcher.daemon.server.exec.WatchForDisconnection.execute(Lorg/gradle/launcher/daemon/server/api/DaemonCommandExecution;)V+19
j  org.gradle.launcher.daemon.server.api.DaemonCommandExecution.proceed()Z+28
j  org.gradle.launcher.daemon.server.exec.ResetDeprecationLogger.execute(Lorg/gradle/launcher/daemon/server/api/DaemonCommandExecution;)V+4
j  org.gradle.launcher.daemon.server.api.DaemonCommandExecution.proceed()Z+28
j  org.gradle.launcher.daemon.server.exec.RequestStopIfSingleUsedDaemon.execute(Lorg/gradle/launcher/daemon/server/api/DaemonCommandExecution;)V+33
j  org.gradle.launcher.daemon.server.api.DaemonCommandExecution.proceed()Z+28
j  org.gradle.launcher.daemon.server.exec.ForwardClientInput$2.call()Ljava/lang/Void;+4
j  org.gradle.launcher.daemon.server.exec.ForwardClientInput$2.call()Ljava/lang/Object;+1
j  org.gradle.util.Swapper.swap(Ljava/lang/Object;Ljava/util/concurrent/Callable;)Ljava/lang/Object;+21
j  org.gradle.launcher.daemon.server.exec.ForwardClientInput.execute(Lorg/gradle/launcher/daemon/server/api/DaemonCommandExecution;)V+63
j  org.gradle.launcher.daemon.server.api.DaemonCommandExecution.proceed()Z+28
j  org.gradle.launcher.daemon.server.exec.LogAndCheckHealth.execute(Lorg/gradle/launcher/daemon/server/api/DaemonCommandExecution;)V+28
j  org.gradle.launcher.daemon.server.api.DaemonCommandExecution.proceed()Z+28
j  org.gradle.launcher.daemon.server.exec.LogToClient.doBuild(Lorg/gradle/launcher/daemon/server/api/DaemonCommandExecution;Lorg/gradle/launcher/daemon/protocol/Build;)V+87
j  org.gradle.launcher.daemon.server.exec.BuildCommandOnly.execute(Lorg/gradle/launcher/daemon/server/api/DaemonCommandExecution;)V+49
j  org.gradle.launcher.daemon.server.api.DaemonCommandExecution.proceed()Z+28
j  org.gradle.launcher.daemon.server.exec.EstablishBuildEnvironment.doBuild(Lorg/gradle/launcher/daemon/server/api/DaemonCommandExecution;Lorg/gradle/launcher/daemon/protocol/Build;)V+365
j  org.gradle.launcher.daemon.server.exec.BuildCommandOnly.execute(Lorg/gradle/launcher/daemon/server/api/DaemonCommandExecution;)V+49
j  org.gradle.launcher.daemon.server.api.DaemonCommandExecution.proceed()Z+28
j  org.gradle.launcher.daemon.server.exec.StartBuildOrRespondWithBusy$1.run()V+44
j  org.gradle.launcher.daemon.server.DaemonStateCoordinator$1.run()V+4
j  org.gradle.internal.concurrent.ExecutorPolicy$CatchAndRecordFailures.onExecute(Ljava/lang/Runnable;)V+1
j  org.gradle.internal.concurrent.ManagedExecutorImpl$1.run()V+25
j  java.util.concurrent.ThreadPoolExecutor.runWorker(Ljava/util/concurrent/ThreadPoolExecutor$Worker;)V+95
j  java.util.concurrent.ThreadPoolExecutor$Worker.run()V+5
j  org.gradle.internal.concurrent.ThreadFactoryImpl$ManagedThreadRunnable.run()V+7
j  java.lang.Thread.run()V+11
v  ~StubRoutines::call_stub

---------------  P R O C E S S  ---------------

Java Threads: ( => current thread )
  0x0000000017db0000 JavaThread "Stdin handler" [_thread_blocked, id=143768, stack(0x0000000019430000,0x0000000019530000)]
  0x0000000017daf800 JavaThread "Asynchronous log dispatcher for DefaultDaemonConnection: socket connection from /127.0.0.1:59180 to /127.0.0.1:59181" [_thread_blocked, id=142876, stack(0x0000000019330000,0x0000000019430000)]
=>0x0000000017db2000 JavaThread "Daemon worker" [_thread_in_vm, id=143036, stack(0x0000000019230000,0x0000000019330000)]
  0x0000000017d9d800 JavaThread "Cancel handler" [_thread_blocked, id=144364, stack(0x0000000019130000,0x0000000019230000)]
  0x0000000017a3f000 JavaThread "Handler for socket connection from /127.0.0.1:59180 to /127.0.0.1:59181" [_thread_in_native, id=144004, stack(0x0000000018e30000,0x0000000018f30000)]
  0x0000000017a3c000 JavaThread "Daemon" [_thread_blocked, id=142588, stack(0x0000000018d30000,0x0000000018e30000)]
  0x0000000017cae800 JavaThread "Daemon periodic checks" [_thread_blocked, id=144368, stack(0x0000000018c30000,0x0000000018d30000)]
  0x0000000017ca8800 JavaThread "Incoming local TCP Connector on port 59180" [_thread_in_native, id=129188, stack(0x00000000189e0000,0x0000000018ae0000)]
  0x0000000014ddd000 JavaThread "Service Thread" daemon [_thread_blocked, id=101220, stack(0x0000000016ad0000,0x0000000016bd0000)]
  0x0000000014d8d000 JavaThread "C1 CompilerThread2" daemon [_thread_blocked, id=115060, stack(0x00000000165d0000,0x00000000166d0000)]
  0x0000000014d80000 JavaThread "C2 CompilerThread1" daemon [_thread_blocked, id=141936, stack(0x00000000164d0000,0x00000000165d0000)]
  0x0000000014d7c000 JavaThread "C2 CompilerThread0" daemon [_thread_in_native, id=132000, stack(0x00000000163d0000,0x00000000164d0000)]
  0x0000000014d7a000 JavaThread "Attach Listener" daemon [_thread_blocked, id=128168, stack(0x00000000162d0000,0x00000000163d0000)]
  0x0000000014d79800 JavaThread "Signal Dispatcher" daemon [_thread_blocked, id=141732, stack(0x00000000161d0000,0x00000000162d0000)]
  0x00000000026ad800 JavaThread "Finalizer" daemon [_thread_blocked, id=93436, stack(0x0000000015fd0000,0x00000000160d0000)]
  0x00000000026a1800 JavaThread "Reference Handler" daemon [_thread_blocked, id=133060, stack(0x0000000015ed0000,0x0000000015fd0000)]
  0x00000000025b2800 JavaThread "main" [_thread_blocked, id=131748, stack(0x0000000002420000,0x0000000002520000)]

Other Threads:
  0x0000000014d45000 VMThread [stack: 0x0000000015dd0000,0x0000000015ed0000] [id=108476]
  0x0000000014dde000 WatcherThread [stack: 0x0000000016bd0000,0x0000000016cd0000] [id=144100]

VM state:not at safepoint (normal execution)

VM Mutex/Monitor currently owned by a thread: None

Heap:
 PSYoungGen      total 18944K, used 17802K [0x00000000eab00000, 0x00000000ed500000, 0x0000000100000000)
  eden space 16384K, 93% used [0x00000000eab00000,0x00000000eb9e69e0,0x00000000ebb00000)
  from space 2560K, 99% used [0x00000000ebb00000,0x00000000ebd7c050,0x00000000ebd80000)
  to   space 5120K, 0% used [0x00000000ed000000,0x00000000ed000000,0x00000000ed500000)
 ParOldGen       total 44032K, used 4990K [0x00000000c0000000, 0x00000000c2b00000, 0x00000000eab00000)
  object space 44032K, 11% used [0x00000000c0000000,0x00000000c04df908,0x00000000c2b00000)
 Metaspace       used 14082K, capacity 14360K, committed 14464K, reserved 1060864K
  class space    used 1971K, capacity 2096K, committed 2176K, reserved 1048576K

Card table byte_map: [0x0000000011a70000,0x0000000011c80000] byte_map_base: 0x0000000011470000

Marking Bits: (ParMarkBitMap*) 0x0000000066875aa0
 Begin Bits: [0x00000000121e0000, 0x00000000131e0000)
 End Bits:   [0x00000000131e0000, 0x00000000141e0000)

Polling page: 0x0000000000690000

CodeCache: size=245760Kb used=4656Kb max_used=4666Kb free=241103Kb
 bounds [0x00000000026b0000, 0x0000000002b50000, 0x00000000116b0000]
 total_blobs=1704 nmethods=1337 adapters=281
 compilation: enabled

Compilation events (10 events):
Event: 3.226 Thread 0x0000000014d8d000 nmethod 1334 0x0000000002b3c890 code [0x0000000002b3ca20, 0x0000000002b3cde8]
Event: 3.226 Thread 0x0000000014d8d000 1336       3       org.gradle.internal.service.DefaultServiceRegistry::find (151 bytes)
Event: 3.227 Thread 0x0000000014d80000 1337   !   4       java.net.URLClassLoader::findClass (47 bytes)
Event: 3.227 Thread 0x0000000014d8d000 nmethod 1336 0x0000000002b3cf10 code [0x0000000002b3d260, 0x0000000002b3ee38]
Event: 3.227 Thread 0x0000000014d8d000 1335       3       java.util.Collections::emptyList (4 bytes)
Event: 3.228 Thread 0x0000000014d8d000 nmethod 1335 0x0000000002b3c590 code [0x0000000002b3c6e0, 0x0000000002b3c810]
Event: 3.230 Thread 0x0000000014d7c000 1338       4       java.net.URLClassLoader$1::run (5 bytes)
Event: 3.231 Thread 0x0000000014d80000 nmethod 1337 0x0000000002b3ab10 code [0x0000000002b3aca0, 0x0000000002b3ae98]
Event: 3.251 Thread 0x0000000014d8d000 1339       3       sun.reflect.ReflectionFactory::inflationThreshold (4 bytes)
Event: 3.251 Thread 0x0000000014d8d000 nmethod 1339 0x0000000002b3a610 code [0x0000000002b3a760, 0x0000000002b3a890]

GC Heap History (10 events):
Event: 0.803 GC heap before
{Heap before GC invocations=1 (full 0):
 PSYoungGen      total 18944K, used 16384K [0x00000000eab00000, 0x00000000ec000000, 0x0000000100000000)
  eden space 16384K, 100% used [0x00000000eab00000,0x00000000ebb00000,0x00000000ebb00000)
  from space 2560K, 0% used [0x00000000ebd80000,0x00000000ebd80000,0x00000000ec000000)
  to   space 2560K, 0% used [0x00000000ebb00000,0x00000000ebb00000,0x00000000ebd80000)
 ParOldGen       total 44032K, used 0K [0x00000000c0000000, 0x00000000c2b00000, 0x00000000eab00000)
  object space 44032K, 0% used [0x00000000c0000000,0x00000000c0000000,0x00000000c2b00000)
 Metaspace       used 6075K, capacity 6248K, committed 6528K, reserved 1056768K
  class space    used 746K, capacity 813K, committed 896K, reserved 1048576K
Event: 0.808 GC heap after
Heap after GC invocations=1 (full 0):
 PSYoungGen      total 18944K, used 2535K [0x00000000eab00000, 0x00000000ec000000, 0x0000000100000000)
  eden space 16384K, 0% used [0x00000000eab00000,0x00000000eab00000,0x00000000ebb00000)
  from space 2560K, 99% used [0x00000000ebb00000,0x00000000ebd79fa8,0x00000000ebd80000)
  to   space 2560K, 0% used [0x00000000ebd80000,0x00000000ebd80000,0x00000000ec000000)
 ParOldGen       total 44032K, used 405K [0x00000000c0000000, 0x00000000c2b00000, 0x00000000eab00000)
  object space 44032K, 0% used [0x00000000c0000000,0x00000000c00656c8,0x00000000c2b00000)
 Metaspace       used 6075K, capacity 6248K, committed 6528K, reserved 1056768K
  class space    used 746K, capacity 813K, committed 896K, reserved 1048576K
}
Event: 1.322 GC heap before
{Heap before GC invocations=2 (full 0):
 PSYoungGen      total 18944K, used 18919K [0x00000000eab00000, 0x00000000ec000000, 0x0000000100000000)
  eden space 16384K, 100% used [0x00000000eab00000,0x00000000ebb00000,0x00000000ebb00000)
  from space 2560K, 99% used [0x00000000ebb00000,0x00000000ebd79fa8,0x00000000ebd80000)
  to   space 2560K, 0% used [0x00000000ebd80000,0x00000000ebd80000,0x00000000ec000000)
 ParOldGen       total 44032K, used 405K [0x00000000c0000000, 0x00000000c2b00000, 0x00000000eab00000)
  object space 44032K, 0% used [0x00000000c0000000,0x00000000c00656c8,0x00000000c2b00000)
 Metaspace       used 6952K, capacity 7112K, committed 7424K, reserved 1056768K
  class space    used 845K, capacity 909K, committed 1024K, reserved 1048576K
Event: 1.326 GC heap after
Heap after GC invocations=2 (full 0):
 PSYoungGen      total 18944K, used 2552K [0x00000000eab00000, 0x00000000ec000000, 0x0000000100000000)
  eden space 16384K, 0% used [0x00000000eab00000,0x00000000eab00000,0x00000000ebb00000)
  from space 2560K, 99% used [0x00000000ebd80000,0x00000000ebffe3f0,0x00000000ec000000)
  to   space 2560K, 0% used [0x00000000ebb00000,0x00000000ebb00000,0x00000000ebd80000)
 ParOldGen       total 44032K, used 585K [0x00000000c0000000, 0x00000000c2b00000, 0x00000000eab00000)
  object space 44032K, 1% used [0x00000000c0000000,0x00000000c0092580,0x00000000c2b00000)
 Metaspace       used 6952K, capacity 7112K, committed 7424K, reserved 1056768K
  class space    used 845K, capacity 909K, committed 1024K, reserved 1048576K
}
Event: 1.637 GC heap before
{Heap before GC invocations=3 (full 0):
 PSYoungGen      total 18944K, used 18936K [0x00000000eab00000, 0x00000000ec000000, 0x0000000100000000)
  eden space 16384K, 100% used [0x00000000eab00000,0x00000000ebb00000,0x00000000ebb00000)
  from space 2560K, 99% used [0x00000000ebd80000,0x00000000ebffe3f0,0x00000000ec000000)
  to   space 2560K, 0% used [0x00000000ebb00000,0x00000000ebb00000,0x00000000ebd80000)
 ParOldGen       total 44032K, used 585K [0x00000000c0000000, 0x00000000c2b00000, 0x00000000eab00000)
  object space 44032K, 1% used [0x00000000c0000000,0x00000000c0092580,0x00000000c2b00000)
 Metaspace       used 7251K, capacity 7426K, committed 7680K, reserved 1056768K
  class space    used 906K, capacity 950K, committed 1024K, reserved 1048576K
Event: 1.640 GC heap after
Heap after GC invocations=3 (full 0):
 PSYoungGen      total 18944K, used 2528K [0x00000000eab00000, 0x00000000ec000000, 0x0000000100000000)
  eden space 16384K, 0% used [0x00000000eab00000,0x00000000eab00000,0x00000000ebb00000)
  from space 2560K, 98% used [0x00000000ebb00000,0x00000000ebd78020,0x00000000ebd80000)
  to   space 2560K, 0% used [0x00000000ebd80000,0x00000000ebd80000,0x00000000ec000000)
 ParOldGen       total 44032K, used 975K [0x00000000c0000000, 0x00000000c2b00000, 0x00000000eab00000)
  object space 44032K, 2% used [0x00000000c0000000,0x00000000c00f3f38,0x00000000c2b00000)
 Metaspace       used 7251K, capacity 7426K, committed 7680K, reserved 1056768K
  class space    used 906K, capacity 950K, committed 1024K, reserved 1048576K
}
Event: 2.822 GC heap before
{Heap before GC invocations=4 (full 0):
 PSYoungGen      total 18944K, used 18912K [0x00000000eab00000, 0x00000000ec000000, 0x0000000100000000)
  eden space 16384K, 100% used [0x00000000eab00000,0x00000000ebb00000,0x00000000ebb00000)
  from space 2560K, 98% used [0x00000000ebb00000,0x00000000ebd78020,0x00000000ebd80000)
  to   space 2560K, 0% used [0x00000000ebd80000,0x00000000ebd80000,0x00000000ec000000)
 ParOldGen       total 44032K, used 975K [0x00000000c0000000, 0x00000000c2b00000, 0x00000000eab00000)
  object space 44032K, 2% used [0x00000000c0000000,0x00000000c00f3f38,0x00000000c2b00000)
 Metaspace       used 10830K, capacity 11012K, committed 11264K, reserved 1058816K
  class space    used 1421K, capacity 1522K, committed 1536K, reserved 1048576K
Event: 2.829 GC heap after
Heap after GC invocations=4 (full 0):
 PSYoungGen      total 18944K, used 2544K [0x00000000eab00000, 0x00000000ec000000, 0x0000000100000000)
  eden space 16384K, 0% used [0x00000000eab00000,0x00000000eab00000,0x00000000ebb00000)
  from space 2560K, 99% used [0x00000000ebd80000,0x00000000ebffc010,0x00000000ec000000)
  to   space 2560K, 0% used [0x00000000ebb00000,0x00000000ebb00000,0x00000000ebd80000)
 ParOldGen       total 44032K, used 3066K [0x00000000c0000000, 0x00000000c2b00000, 0x00000000eab00000)
  object space 44032K, 6% used [0x00000000c0000000,0x00000000c02feb68,0x00000000c2b00000)
 Metaspace       used 10830K, capacity 11012K, committed 11264K, reserved 1058816K
  class space    used 1421K, capacity 1522K, committed 1536K, reserved 1048576K
}
Event: 3.082 GC heap before
{Heap before GC invocations=5 (full 0):
 PSYoungGen      total 18944K, used 18928K [0x00000000eab00000, 0x00000000ec000000, 0x0000000100000000)
  eden space 16384K, 100% used [0x00000000eab00000,0x00000000ebb00000,0x00000000ebb00000)
  from space 2560K, 99% used [0x00000000ebd80000,0x00000000ebffc010,0x00000000ec000000)
  to   space 2560K, 0% used [0x00000000ebb00000,0x00000000ebb00000,0x00000000ebd80000)
 ParOldGen       total 44032K, used 3066K [0x00000000c0000000, 0x00000000c2b00000, 0x00000000eab00000)
  object space 44032K, 6% used [0x00000000c0000000,0x00000000c02feb68,0x00000000c2b00000)
 Metaspace       used 12840K, capacity 13204K, committed 13440K, reserved 1060864K
  class space    used 1755K, capacity 1902K, committed 1920K, reserved 1048576K
Event: 3.088 GC heap after
Heap after GC invocations=5 (full 0):
 PSYoungGen      total 18944K, used 2544K [0x00000000eab00000, 0x00000000ed500000, 0x0000000100000000)
  eden space 16384K, 0% used [0x00000000eab00000,0x00000000eab00000,0x00000000ebb00000)
  from space 2560K, 99% used [0x00000000ebb00000,0x00000000ebd7c050,0x00000000ebd80000)
  to   space 5120K, 0% used [0x00000000ed000000,0x00000000ed000000,0x00000000ed500000)
 ParOldGen       total 44032K, used 4990K [0x00000000c0000000, 0x00000000c2b00000, 0x00000000eab00000)
  object space 44032K, 11% used [0x00000000c0000000,0x00000000c04df908,0x00000000c2b00000)
 Metaspace       used 12840K, capacity 13204K, committed 13440K, reserved 1060864K
  class space    used 1755K, capacity 1902K, committed 1920K, reserved 1048576K
}

Deoptimization events (10 events):
Event: 1.685 Thread 0x00000000025b2800 Uncommon trap: reason=bimorphic action=maybe_recompile pc=0x000000000292b250 method=java.util.HashMap.putVal(ILjava/lang/Object;Ljava/lang/Object;ZZ)Ljava/lang/Object; @ 91
Event: 1.831 Thread 0x00000000025b2800 Uncommon trap: reason=bimorphic action=maybe_recompile pc=0x00000000029f3290 method=java.util.HashMap.putVal(ILjava/lang/Object;Ljava/lang/Object;ZZ)Ljava/lang/Object; @ 203
Event: 2.073 Thread 0x00000000025b2800 Uncommon trap: reason=unstable_if action=reinterpret pc=0x000000000295c398 method=java.io.WinNTFileSystem.normalize(Ljava/lang/String;)Ljava/lang/String; @ 128
Event: 2.073 Thread 0x00000000025b2800 Uncommon trap: reason=unstable_if action=reinterpret pc=0x00000000029d4834 method=java.io.WinNTFileSystem.normalize(Ljava/lang/String;II)Ljava/lang/String; @ 90
Event: 2.878 Thread 0x0000000017a3f000 Uncommon trap: reason=unstable_if action=reinterpret pc=0x0000000002aa5370 method=java.util.concurrent.ConcurrentHashMap.putVal(Ljava/lang/Object;Ljava/lang/Object;Z)Ljava/lang/Object; @ 206
Event: 2.964 Thread 0x0000000017db2000 Uncommon trap: reason=bimorphic action=maybe_recompile pc=0x00000000029f2554 method=java.util.HashMap.putVal(ILjava/lang/Object;Ljava/lang/Object;ZZ)Ljava/lang/Object; @ 253
Event: 2.964 Thread 0x0000000017db2000 Uncommon trap: reason=bimorphic action=maybe_recompile pc=0x00000000029f2554 method=java.util.HashMap.putVal(ILjava/lang/Object;Ljava/lang/Object;ZZ)Ljava/lang/Object; @ 253
Event: 3.179 Thread 0x0000000017db2000 Uncommon trap: reason=class_check action=maybe_recompile pc=0x0000000002950dc4 method=java.util.regex.Matcher.match(II)Z @ 86
Event: 3.179 Thread 0x0000000017db2000 Uncommon trap: reason=class_check action=maybe_recompile pc=0x0000000002950dc4 method=java.util.regex.Matcher.match(II)Z @ 86
Event: 3.234 Thread 0x0000000017db2000 Uncommon trap: reason=class_check action=maybe_recompile pc=0x000000000292569c method=java.util.regex.Matcher.match(II)Z @ 86

Classes redefined (0 events):
No events

Internal exceptions (10 events):
Event: 2.895 Thread 0x0000000017a3f000 Exception <a 'java/lang/NoSuchMethodError': <clinit>> (0x00000000ead8d940) thrown at [D:\src\AOSP-openjdk-cygwin\jdk8u\hotspot\src\share\vm\prims\jni.cpp, line 1613]
Event: 2.896 Thread 0x0000000017a3f000 Exception <a 'java/lang/NoSuchMethodError': <clinit>> (0x00000000ead9efe8) thrown at [D:\src\AOSP-openjdk-cygwin\jdk8u\hotspot\src\share\vm\prims\jni.cpp, line 1613]
Event: 2.909 Thread 0x0000000017a3f000 Exception <a 'java/lang/NoSuchMethodError': <clinit>> (0x00000000eae12f88) thrown at [D:\src\AOSP-openjdk-cygwin\jdk8u\hotspot\src\share\vm\prims\jni.cpp, line 1613]
Event: 2.914 Thread 0x0000000017a3f000 Exception <a 'java/lang/NoSuchMethodError': <clinit>> (0x00000000eae381d0) thrown at [D:\src\AOSP-openjdk-cygwin\jdk8u\hotspot\src\share\vm\prims\jni.cpp, line 1613]
Event: 2.919 Thread 0x0000000017a3f000 Exception <a 'java/lang/NoSuchMethodError': <clinit>> (0x00000000eae646e0) thrown at [D:\src\AOSP-openjdk-cygwin\jdk8u\hotspot\src\share\vm\prims\jni.cpp, line 1613]
Event: 2.920 Thread 0x0000000017a3f000 Exception <a 'java/lang/NoSuchMethodError': <clinit>> (0x00000000eae6fa80) thrown at [D:\src\AOSP-openjdk-cygwin\jdk8u\hotspot\src\share\vm\prims\jni.cpp, line 1613]
Event: 2.922 Thread 0x0000000017a3f000 Exception <a 'java/lang/NoSuchMethodError': <clinit>> (0x00000000eae7b360) thrown at [D:\src\AOSP-openjdk-cygwin\jdk8u\hotspot\src\share\vm\prims\jni.cpp, line 1613]
Event: 2.926 Thread 0x0000000017a3f000 Exception <a 'java/lang/NoSuchMethodError': <clinit>> (0x00000000eae9fae0) thrown at [D:\src\AOSP-openjdk-cygwin\jdk8u\hotspot\src\share\vm\prims\jni.cpp, line 1613]
Event: 2.952 Thread 0x0000000017db2000 Exception <a 'java/lang/NoSuchMethodError': <clinit>> (0x00000000eaf73688) thrown at [D:\src\AOSP-openjdk-cygwin\jdk8u\hotspot\src\share\vm\prims\jni.cpp, line 1613]
Event: 2.952 Thread 0x0000000017db2000 Exception <a 'java/lang/NoSuchMethodError': <clinit>> (0x00000000eaf7b910) thrown at [D:\src\AOSP-openjdk-cygwin\jdk8u\hotspot\src\share\vm\prims\jni.cpp, line 1613]

Events (10 events):
Event: 3.250 loading class com/google/common/base/Charsets
Event: 3.250 loading class com/google/common/base/Charsets done
Event: 3.250 loading class org/gradle/internal/hash/HashCode
Event: 3.250 loading class org/gradle/internal/hash/HashCode done
Event: 3.251 loading class org/gradle/internal/hash/DefaultStreamHasher
Event: 3.251 loading class org/gradle/internal/hash/DefaultStreamHasher done
Event: 3.251 loading class java/util/concurrent/ArrayBlockingQueue
Event: 3.252 loading class java/util/concurrent/ArrayBlockingQueue done
Event: 3.252 loading class org/gradle/api/internal/changedetection/state/CachingFileHasher
Event: 3.252 loading class org/gradle/api/internal/changedetection/state/CachingFileHasher done


Dynamic libraries:
0x00007ff67d530000 - 0x00007ff67d561000 	C:\Program Files\Android\Android Studio\jre\bin\java.exe
0x00007ffc1e610000 - 0x00007ffc1e7f1000 	C:\WINDOWS\SYSTEM32\ntdll.dll
0x00007ffc1c6f0000 - 0x00007ffc1c7a2000 	C:\WINDOWS\System32\KERNEL32.DLL
0x00007ffc1b590000 - 0x00007ffc1b803000 	C:\WINDOWS\System32\KERNELBASE.dll
0x00007ffc1c130000 - 0x00007ffc1c1d1000 	C:\WINDOWS\System32\ADVAPI32.dll
0x00007ffc1c7b0000 - 0x00007ffc1c84e000 	C:\WINDOWS\System32\msvcrt.dll
0x00007ffc1c850000 - 0x00007ffc1c8ab000 	C:\WINDOWS\System32\sechost.dll
0x00007ffc1dec0000 - 0x00007ffc1dfe4000 	C:\WINDOWS\System32\RPCRT4.dll
0x00007ffc1e450000 - 0x00007ffc1e5e0000 	C:\WINDOWS\System32\USER32.dll
0x00007ffc1adb0000 - 0x00007ffc1add0000 	C:\WINDOWS\System32\win32u.dll
0x00007ffc1c300000 - 0x00007ffc1c328000 	C:\WINDOWS\System32\GDI32.dll
0x00007ffc1aae0000 - 0x00007ffc1ac72000 	C:\WINDOWS\System32\gdi32full.dll
0x00007ffc1b810000 - 0x00007ffc1b8af000 	C:\WINDOWS\System32\msvcp_win.dll
0x00007ffc1a9e0000 - 0x00007ffc1aada000 	C:\WINDOWS\System32\ucrtbase.dll
0x00007ffbfede0000 - 0x00007ffbff049000 	C:\WINDOWS\WinSxS\amd64_microsoft.windows.common-controls_6595b64144ccf1df_6.0.17134.471_none_fb3e9aab3068fc16\COMCTL32.dll
0x00007ffc1bda0000 - 0x00007ffc1c0c2000 	C:\WINDOWS\System32\combase.dll
0x00007ffc1ad30000 - 0x00007ffc1adaa000 	C:\WINDOWS\System32\bcryptPrimitives.dll
0x00007ffc1c260000 - 0x00007ffc1c28d000 	C:\WINDOWS\System32\IMM32.DLL
0x0000000067c60000 - 0x0000000067d32000 	C:\Program Files\Android\Android Studio\jre\jre\bin\msvcr100.dll
0x00000000660b0000 - 0x00000000668f1000 	C:\Program Files\Android\Android Studio\jre\jre\bin\server\jvm.dll
0x00007ffc1e440000 - 0x00007ffc1e448000 	C:\WINDOWS\System32\PSAPI.DLL
0x00007ffc16900000 - 0x00007ffc16909000 	C:\WINDOWS\SYSTEM32\WSOCK32.dll
0x00007ffc172a0000 - 0x00007ffc172c3000 	C:\WINDOWS\SYSTEM32\WINMM.dll
0x00007ffc12310000 - 0x00007ffc1231a000 	C:\WINDOWS\SYSTEM32\VERSION.dll
0x00007ffc1de50000 - 0x00007ffc1debc000 	C:\WINDOWS\System32\WS2_32.dll
0x00007ffc17220000 - 0x00007ffc1724a000 	C:\WINDOWS\SYSTEM32\WINMMBASE.dll
0x00007ffc1ac80000 - 0x00007ffc1acc9000 	C:\WINDOWS\System32\cfgmgr32.dll
0x00007ffc16910000 - 0x00007ffc1691f000 	C:\Program Files\Android\Android Studio\jre\jre\bin\verify.dll
0x00007ffc0e050000 - 0x00007ffc0e079000 	C:\Program Files\Android\Android Studio\jre\jre\bin\java.dll
0x00007ffc13ee0000 - 0x00007ffc13ef6000 	C:\Program Files\Android\Android Studio\jre\jre\bin\zip.dll
0x00007ffc1c910000 - 0x00007ffc1dd50000 	C:\WINDOWS\System32\SHELL32.dll
0x00007ffc1c420000 - 0x00007ffc1c4c9000 	C:\WINDOWS\System32\shcore.dll
0x00007ffc1ae80000 - 0x00007ffc1b58d000 	C:\WINDOWS\System32\windows.storage.dll
0x00007ffc1c0d0000 - 0x00007ffc1c121000 	C:\WINDOWS\System32\shlwapi.dll
0x00007ffc1a9a0000 - 0x00007ffc1a9b1000 	C:\WINDOWS\System32\kernel.appcore.dll
0x00007ffc1a9c0000 - 0x00007ffc1a9df000 	C:\WINDOWS\System32\profapi.dll
0x00007ffc1a950000 - 0x00007ffc1a99c000 	C:\WINDOWS\System32\powrprof.dll
0x00007ffc1a920000 - 0x00007ffc1a92a000 	C:\WINDOWS\System32\FLTLIB.DLL
0x00007ffc12890000 - 0x00007ffc128aa000 	C:\Program Files\Android\Android Studio\jre\jre\bin\net.dll
0x00007ffc1a1a0000 - 0x00007ffc1a206000 	C:\WINDOWS\system32\mswsock.dll
0x00007ffc0df50000 - 0x00007ffc0df61000 	C:\Program Files\Android\Android Studio\jre\jre\bin\nio.dll
0x00007ffc0bf40000 - 0x00007ffc0bf5e000 	C:\Users\brrri\.gradle\native\25\windows-amd64\native-platform.dll
0x00007ffc15120000 - 0x00007ffc1512d000 	C:\Program Files\Android\Android Studio\jre\jre\bin\management.dll
0x00007ffc1a350000 - 0x00007ffc1a367000 	C:\WINDOWS\SYSTEM32\CRYPTSP.dll
0x00007ffc19d80000 - 0x00007ffc19db3000 	C:\WINDOWS\system32\rsaenh.dll
0x00007ffc1a480000 - 0x00007ffc1a4a5000 	C:\WINDOWS\SYSTEM32\bcrypt.dll
0x00007ffc1a820000 - 0x00007ffc1a848000 	C:\WINDOWS\SYSTEM32\USERENV.dll
0x00007ffc1a370000 - 0x00007ffc1a37b000 	C:\WINDOWS\SYSTEM32\CRYPTBASE.dll
0x00007ffc19f20000 - 0x00007ffc19f58000 	C:\WINDOWS\SYSTEM32\IPHLPAPI.DLL
0x00007ffc1dd50000 - 0x00007ffc1dd58000 	C:\WINDOWS\System32\NSI.dll
0x00007ffc11190000 - 0x00007ffc111a6000 	C:\WINDOWS\SYSTEM32\dhcpcsvc6.DLL
0x00007ffc11560000 - 0x00007ffc1157a000 	C:\WINDOWS\SYSTEM32\dhcpcsvc.DLL

VM Arguments:
jvm_args: -Xmx1024m -Dfile.encoding=windows-1251 -Duser.country=RU -Duser.language=ru -Duser.variant 
java_command: org.gradle.launcher.daemon.bootstrap.GradleDaemon 4.6
java_class_path (initial): C:\Users\brrri\.gradle\wrapper\dists\gradle-4.6-all\bcst21l2brirad8k2ben1letg\gradle-4.6\lib\gradle-launcher-4.6.jar
Launcher Type: SUN_STANDARD

Environment Variables:
JAVA_HOME=C:\Program Files\Java\jdk-10.0.2
PATH=C:\Program Files (x86)\Common Files\Oracle\Java\javapath;C:\ProgramData\Oracle\Java\javapath;C:\Program Files (x86)\Borland\CBUILD~1\Bin;C:\Program Files (x86)\Borland\CBUILD~1\Projects\Bpl;C:\Program Files\Broadcom\Broadcom 802.11 Network Adapter;C:\Program Files (x86)\Intel\iCLS Client\;C:\Program Files\Intel\iCLS Client\;C:\Windows\System32;C:\Windows;C:\Windows\System32\wbem;C:\Windows\System32\WindowsPowerShell\v1.0\;C:\Program Files (x86)\Intel\Intel(R) Management Engine Components\DAL;C:\Program Files\Intel\Intel(R) Management Engine Components\DAL;C:\Program Files (x86)\Intel\Intel(R) Management Engine Components\IPT;C:\Program Files\Intel\Intel(R) Management Engine Components\IPT;C:\Program Files (x86)\NVIDIA Corporation\PhysX\Common;C:\WINDOWS\system32;C:\WINDOWS;C:\WINDOWS\System32\Wbem;C:\WINDOWS\System32\WindowsPowerShell\v1.0\;C:\WINDOWS\System32\OpenSSH\;C:\Program Files\Git\cmd;C:\Ruby24-x64\bin;C:\Users\brrri\AppData\Local\Microsoft\WindowsApps;
USERNAME=brrri
OS=Windows_NT
PROCESSOR_IDENTIFIER=Intel64 Family 6 Model 69 Stepping 1, GenuineIntel



---------------  S Y S T E M  ---------------

OS: Windows 10.0 , 64 bit Build 17134 (10.0.17134.1)

CPU:total 4 (initial active 4) (2 cores per cpu, 2 threads per core) family 6 model 69 stepping 1, cmov, cx8, fxsr, mmx, sse, sse2, sse3, ssse3, sse4.1, sse4.2, popcnt, avx, avx2, aes, clmul, erms, lzcnt, ht, tsc, tscinvbit, bmi1, bmi2

Memory: 4k page, physical 4112840k(295024k free), swap 4112840k(2916k free)

vm_info: OpenJDK 64-Bit Server VM (25.152-b06) for windows-amd64 JRE (1.8.0_152-release-1136-b06), built by "builder" with MS VC++ 10.0 (VS2010)

time: Wed Dec 19 17:59:16 2018
elapsed time: 3 seconds (0d 0h 0m 3s)

