#
# There is insufficient memory for the Java Runtime Environment to continue.
# Native memory allocation (malloc) failed to allocate 32744 bytes for ChunkPool::allocate
# Possible reasons:
#   The system is out of physical RAM or swap space
#   In 32 bit mode, the process size limit was hit
# Possible solutions:
#   Reduce memory load on the system
#   Increase physical memory or swap space
#   Check if swap backing store is full
#   Use 64 bit Java on a 64 bit OS
#   Decrease Java heap size (-Xmx/-Xms)
#   Decrease number of Java threads
#   Decrease Java thread stack sizes (-Xss)
#   Set larger code cache with -XX:ReservedCodeCacheSize=
# This output file may be truncated or incomplete.
#
#  Out of Memory Error (allocation.cpp:273), pid=142024, tid=0x0000000000022db8
#
# JRE version: OpenJDK Runtime Environment (8.0_152-b06) (build 1.8.0_152-release-1136-b06)
# Java VM: OpenJDK 64-Bit Server VM (25.152-b06 mixed mode windows-amd64 compressed oops)
# Failed to write core dump. Minidumps are not enabled by default on client versions of Windows
#

---------------  T H R E A D  ---------------

Current thread (0x000000001503a800):  JavaThread "C2 CompilerThread0" daemon [_thread_in_native, id=142776, stack(0x00000000166a0000,0x00000000167a0000)]

Stack: [0x00000000166a0000,0x00000000167a0000]
[error occurred during error reporting (printing stack bounds), id 0xc0000005]

Native frames: (J=compiled Java code, j=interpreted, Vv=VM code, C=native code)


Current CompileTask:
C2:  31714 6654   !   4       java.io.ObjectOutputStream::writeObject0 (619 bytes)


---------------  P R O C E S S  ---------------

Java Threads: ( => current thread )
  0x000000001cbbe000 JavaThread "Task worker for ':' Thread 3" [_thread_blocked, id=139024, stack(0x0000000023150000,0x0000000023250000)]
  0x000000001cbbf000 JavaThread "Task worker for ':' Thread 2" [_thread_blocked, id=143384, stack(0x0000000023050000,0x0000000023150000)]
  0x000000001cbbc800 JavaThread "Task worker for ':'" [_thread_blocked, id=142008, stack(0x0000000022f50000,0x0000000023050000)]
  0x000000001cbbc000 JavaThread "Cache worker for Build Output Cleanup Cache (C:\Users\brrri\AndroidStudioProjects\DateTime\.gradle\buildOutputCleanup)" [_thread_blocked, id=144320, stack(0x0000000022e50000,0x0000000022f50000)]
  0x000000001cbc1000 JavaThread "Cache worker for task history cache (C:\Users\brrri\AndroidStudioProjects\DateTime\.gradle\4.6\taskHistory)" [_thread_blocked, id=134896, stack(0x0000000020b90000,0x0000000020c90000)]
  0x000000001cbc2800 JavaThread "Cache worker for file content cache (C:\Users\brrri\AndroidStudioProjects\DateTime\.gradle\4.6\fileContent)" [_thread_blocked, id=131384, stack(0x0000000020310000,0x0000000020410000)]
  0x000000001dcfc000 JavaThread "Memory manager" [_thread_blocked, id=136268, stack(0x000000001f610000,0x000000001f710000)]
  0x000000001dcf6800 JavaThread "Build operations Thread 4" [_thread_blocked, id=130824, stack(0x000000001ef10000,0x000000001f010000)]
  0x000000001dcf9000 JavaThread "Build operations Thread 3" [_thread_blocked, id=140164, stack(0x000000001ee10000,0x000000001ef10000)]
  0x000000001dcf8000 JavaThread "Build operations Thread 2" [_thread_blocked, id=140940, stack(0x000000001ed10000,0x000000001ee10000)]
  0x000000001dcfd800 JavaThread "Build operations" [_thread_blocked, id=142676, stack(0x000000001ec10000,0x000000001ed10000)]
  0x000000001dcf7800 JavaThread "Cache worker for Artifact transforms cache (C:\Users\brrri\.gradle\caches\transforms-1)" [_thread_blocked, id=136608, stack(0x000000001d470000,0x000000001d570000)]
  0x000000001a235800 JavaThread "Cache worker for file hash cache (C:\Users\brrri\AndroidStudioProjects\DateTime\.gradle\4.6\fileHashes)" [_thread_blocked, id=142936, stack(0x000000001abd0000,0x000000001acd0000)]
  0x0000000019a50000 JavaThread "File lock request listener" [_thread_in_native, id=121612, stack(0x000000001aad0000,0x000000001abd0000)]
  0x00000000181a0800 JavaThread "Cache worker for file hash cache (C:\Users\brrri\.gradle\caches\4.6\fileHashes)" [_thread_blocked, id=94416, stack(0x000000001a9d0000,0x000000001aad0000)]
  0x0000000017f6e000 JavaThread "Stdin handler" [_thread_blocked, id=130936, stack(0x0000000019700000,0x0000000019800000)]
  0x0000000017f4a800 JavaThread "Asynchronous log dispatcher for DefaultDaemonConnection: socket connection from /127.0.0.1:59225 to /127.0.0.1:59226" [_thread_blocked, id=142756, stack(0x0000000019600000,0x0000000019700000)]
  0x0000000017f47000 JavaThread "Daemon worker" [_thread_in_native, id=141976, stack(0x0000000019500000,0x0000000019600000)]
  0x0000000017f44800 JavaThread "Cancel handler" [_thread_blocked, id=143456, stack(0x0000000019400000,0x0000000019500000)]
  0x00000000180f3800 JavaThread "Handler for socket connection from /127.0.0.1:59225 to /127.0.0.1:59226" [_thread_in_native, id=142112, stack(0x0000000019100000,0x0000000019200000)]
  0x00000000180f1000 JavaThread "Daemon" [_thread_blocked, id=121108, stack(0x0000000019000000,0x0000000019100000)]
  0x0000000017d66000 JavaThread "Daemon periodic checks" [_thread_blocked, id=143872, stack(0x0000000018f00000,0x0000000019000000)]
  0x0000000017d65800 JavaThread "Incoming local TCP Connector on port 59225" [_thread_in_native, id=132236, stack(0x0000000018cb0000,0x0000000018db0000)]
  0x00000000169cb800 JavaThread "Service Thread" daemon [_thread_blocked, id=130380, stack(0x0000000016da0000,0x0000000016ea0000)]
  0x000000001504a800 JavaThread "C1 CompilerThread2" daemon [_thread_in_vm, id=144004, stack(0x00000000168a0000,0x00000000169a0000)]
  0x000000001503e800 JavaThread "C2 CompilerThread1" daemon [_thread_in_native, id=129188, stack(0x00000000167a0000,0x00000000168a0000)]
=>0x000000001503a800 JavaThread "C2 CompilerThread0" daemon [_thread_in_native, id=142776, stack(0x00000000166a0000,0x00000000167a0000)]
  0x0000000015039000 JavaThread "Attach Listener" daemon [_thread_blocked, id=142588, stack(0x00000000165a0000,0x00000000166a0000)]
  0x0000000015047000 JavaThread "Signal Dispatcher" daemon [_thread_blocked, id=142056, stack(0x00000000164a0000,0x00000000165a0000)]
  0x000000000296c800 JavaThread "Finalizer" daemon [_thread_blocked, id=142832, stack(0x00000000162a0000,0x00000000163a0000)]
  0x0000000002961800 JavaThread "Reference Handler" daemon [_thread_blocked, id=141448, stack(0x00000000161a0000,0x00000000162a0000)]
  0x0000000002872800 JavaThread "main" [_thread_blocked, id=142572, stack(0x0000000002770000,0x0000000002870000)]

Other Threads:
  0x0000000015005000 VMThread [stack: 0x00000000160a0000,0x00000000161a0000] [id=144036]
  0x000000001507c000 WatcherThread [stack: 0x0000000016ea0000,0x0000000016fa0000] [id=142456]

VM state:not at safepoint (normal execution)

VM Mutex/Monitor currently owned by a thread: None

Heap:
 PSYoungGen      total 142848K, used 50062K [0x00000000eab00000, 0x00000000f5100000, 0x0000000100000000)
  eden space 129024K, 28% used [0x00000000eab00000,0x00000000ece64470,0x00000000f2900000)
  from space 13824K, 99% used [0x00000000f3a80000,0x00000000f47ff500,0x00000000f4800000)
  to   space 17920K, 0% used [0x00000000f2900000,0x00000000f2900000,0x00000000f3a80000)
 ParOldGen       total 55808K, used 28097K [0x00000000c0000000, 0x00000000c3680000, 0x00000000eab00000)
  object space 55808K, 50% used [0x00000000c0000000,0x00000000c1b70440,0x00000000c3680000)
 Metaspace       used 56053K, capacity 57738K, committed 58024K, reserved 1099776K
  class space    used 7616K, capacity 8042K, committed 8112K, reserved 1048576K

Card table byte_map: [0x0000000011d30000,0x0000000011f40000] byte_map_base: 0x0000000011730000

Marking Bits: (ParMarkBitMap*) 0x0000000066875aa0
 Begin Bits: [0x00000000124a0000, 0x00000000134a0000)
 End Bits:   [0x00000000134a0000, 0x00000000144a0000)

Polling page: 0x00000000005f0000

CodeCache: size=245760Kb used=20029Kb max_used=20029Kb free=225730Kb
 bounds [0x0000000002970000, 0x0000000003d10000, 0x0000000011970000]
 total_blobs=6806 nmethods=6029 adapters=689
 compilation: enabled

Compilation events (10 events):
Event: 31.472 Thread 0x000000001504a800 nmethod 6650 0x0000000003d0c0d0 code [0x0000000003d0c240, 0x0000000003d0c530]
Event: 31.474 Thread 0x000000001504a800 6651       3       org.gradle.tooling.internal.provider.runner.TestIgnoringBuildOperationListener::started (22 bytes)
Event: 31.475 Thread 0x000000001504a800 nmethod 6651 0x0000000003d0c690 code [0x0000000003d0c800, 0x0000000003d0cc08]
Event: 31.475 Thread 0x000000001504a800 6652       3       org.gradle.tooling.internal.provider.runner.ClientForwardingBuildOperationListener::started (26 bytes)
Event: 31.475 Thread 0x000000001504a800 nmethod 6652 0x0000000003d0cd10 code [0x0000000003d0cea0, 0x0000000003d0d3b8]
Event: 31.475 Thread 0x000000001504a800 6653       3       org.gradle.tooling.internal.provider.events.DefaultOperationStartedProgressEvent::<init> (7 bytes)
Event: 31.475 Thread 0x000000001504a800 nmethod 6653 0x0000000003d0d650 code [0x0000000003d0d7c0, 0x0000000003d0d9f0]
Event: 31.476 Thread 0x000000001503a800 6654   !   4       java.io.ObjectOutputStream::writeObject0 (619 bytes)
Event: 31.651 Thread 0x000000001504a800 6655       3       org.gradle.tooling.internal.provider.runner.ClientForwardingBuildOperationListener::adaptResult (49 bytes)
Event: 31.652 Thread 0x000000001504a800 nmethod 6655 0x0000000003d0db10 code [0x0000000003d0dce0, 0x0000000003d0e428]

GC Heap History (10 events):
Event: 14.205 GC heap before
{Heap before GC invocations=12 (full 1):
 PSYoungGen      total 90624K, used 38070K [0x00000000eab00000, 0x00000000f0e00000, 0x0000000100000000)
  eden space 82944K, 36% used [0x00000000eab00000,0x00000000ec8b1598,0x00000000efc00000)
  from space 7680K, 99% used [0x00000000f0580000,0x00000000f0cfc568,0x00000000f0d00000)
  to   space 9216K, 0% used [0x00000000efc00000,0x00000000efc00000,0x00000000f0500000)
 ParOldGen       total 34816K, used 9096K [0x00000000c0000000, 0x00000000c2200000, 0x00000000eab00000)
  object space 34816K, 26% used [0x00000000c0000000,0x00000000c08e2070,0x00000000c2200000)
 Metaspace       used 34926K, capacity 35432K, committed 35496K, reserved 1079296K
  class space    used 4836K, capacity 5030K, committed 5040K, reserved 1048576K
Event: 14.219 GC heap after
Heap after GC invocations=12 (full 1):
 PSYoungGen      total 92160K, used 6712K [0x00000000eab00000, 0x00000000f2480000, 0x0000000100000000)
  eden space 82944K, 0% used [0x00000000eab00000,0x00000000eab00000,0x00000000efc00000)
  from space 9216K, 72% used [0x00000000efc00000,0x00000000f028e070,0x00000000f0500000)
  to   space 9216K, 0% used [0x00000000f1b80000,0x00000000f1b80000,0x00000000f2480000)
 ParOldGen       total 34816K, used 11981K [0x00000000c0000000, 0x00000000c2200000, 0x00000000eab00000)
  object space 34816K, 34% used [0x00000000c0000000,0x00000000c0bb3400,0x00000000c2200000)
 Metaspace       used 34926K, capacity 35432K, committed 35496K, reserved 1079296K
  class space    used 4836K, capacity 5030K, committed 5040K, reserved 1048576K
}
Event: 14.219 GC heap before
{Heap before GC invocations=13 (full 2):
 PSYoungGen      total 92160K, used 6712K [0x00000000eab00000, 0x00000000f2480000, 0x0000000100000000)
  eden space 82944K, 0% used [0x00000000eab00000,0x00000000eab00000,0x00000000efc00000)
  from space 9216K, 72% used [0x00000000efc00000,0x00000000f028e070,0x00000000f0500000)
  to   space 9216K, 0% used [0x00000000f1b80000,0x00000000f1b80000,0x00000000f2480000)
 ParOldGen       total 34816K, used 11981K [0x00000000c0000000, 0x00000000c2200000, 0x00000000eab00000)
  object space 34816K, 34% used [0x00000000c0000000,0x00000000c0bb3400,0x00000000c2200000)
 Metaspace       used 34926K, capacity 35432K, committed 35496K, reserved 1079296K
  class space    used 4836K, capacity 5030K, committed 5040K, reserved 1048576K
Event: 14.289 GC heap after
Heap after GC invocations=13 (full 2):
 PSYoungGen      total 92160K, used 0K [0x00000000eab00000, 0x00000000f2480000, 0x0000000100000000)
  eden space 82944K, 0% used [0x00000000eab00000,0x00000000eab00000,0x00000000efc00000)
  from space 9216K, 0% used [0x00000000efc00000,0x00000000efc00000,0x00000000f0500000)
  to   space 9216K, 0% used [0x00000000f1b80000,0x00000000f1b80000,0x00000000f2480000)
 ParOldGen       total 55808K, used 16183K [0x00000000c0000000, 0x00000000c3680000, 0x00000000eab00000)
  object space 55808K, 28% used [0x00000000c0000000,0x00000000c0fcdef8,0x00000000c3680000)
 Metaspace       used 34926K, capacity 35432K, committed 35496K, reserved 1079296K
  class space    used 4836K, capacity 5030K, committed 5040K, reserved 1048576K
}
Event: 16.660 GC heap before
{Heap before GC invocations=14 (full 2):
 PSYoungGen      total 92160K, used 82944K [0x00000000eab00000, 0x00000000f2480000, 0x0000000100000000)
  eden space 82944K, 100% used [0x00000000eab00000,0x00000000efc00000,0x00000000efc00000)
  from space 9216K, 0% used [0x00000000efc00000,0x00000000efc00000,0x00000000f0500000)
  to   space 9216K, 0% used [0x00000000f1b80000,0x00000000f1b80000,0x00000000f2480000)
 ParOldGen       total 55808K, used 16183K [0x00000000c0000000, 0x00000000c3680000, 0x00000000eab00000)
  object space 55808K, 28% used [0x00000000c0000000,0x00000000c0fcdef8,0x00000000c3680000)
 Metaspace       used 39788K, capacity 40460K, committed 40744K, reserved 1085440K
  class space    used 5430K, capacity 5674K, committed 5680K, reserved 1048576K
Event: 16.677 GC heap after
Heap after GC invocations=14 (full 2):
 PSYoungGen      total 114176K, used 8388K [0x00000000eab00000, 0x00000000f2700000, 0x0000000100000000)
  eden space 104960K, 0% used [0x00000000eab00000,0x00000000eab00000,0x00000000f1180000)
  from space 9216K, 91% used [0x00000000f1b80000,0x00000000f23b11b8,0x00000000f2480000)
  to   space 10240K, 0% used [0x00000000f1180000,0x00000000f1180000,0x00000000f1b80000)
 ParOldGen       total 55808K, used 16191K [0x00000000c0000000, 0x00000000c3680000, 0x00000000eab00000)
  object space 55808K, 29% used [0x00000000c0000000,0x00000000c0fcfef8,0x00000000c3680000)
 Metaspace       used 39788K, capacity 40460K, committed 40744K, reserved 1085440K
  class space    used 5430K, capacity 5674K, committed 5680K, reserved 1048576K
}
Event: 21.223 GC heap before
{Heap before GC invocations=15 (full 2):
 PSYoungGen      total 114176K, used 113348K [0x00000000eab00000, 0x00000000f2700000, 0x0000000100000000)
  eden space 104960K, 100% used [0x00000000eab00000,0x00000000f1180000,0x00000000f1180000)
  from space 9216K, 91% used [0x00000000f1b80000,0x00000000f23b11b8,0x00000000f2480000)
  to   space 10240K, 0% used [0x00000000f1180000,0x00000000f1180000,0x00000000f1b80000)
 ParOldGen       total 55808K, used 16191K [0x00000000c0000000, 0x00000000c3680000, 0x00000000eab00000)
  object space 55808K, 29% used [0x00000000c0000000,0x00000000c0fcfef8,0x00000000c3680000)
 Metaspace       used 47811K, capacity 48808K, committed 49064K, reserved 1091584K
  class space    used 6443K, capacity 6753K, committed 6832K, reserved 1048576K
Event: 21.250 GC heap after
Heap after GC invocations=15 (full 2):
 PSYoungGen      total 115200K, used 10221K [0x00000000eab00000, 0x00000000f4800000, 0x0000000100000000)
  eden space 104960K, 0% used [0x00000000eab00000,0x00000000eab00000,0x00000000f1180000)
  from space 10240K, 99% used [0x00000000f1180000,0x00000000f1b7b510,0x00000000f1b80000)
  to   space 13824K, 0% used [0x00000000f3a80000,0x00000000f3a80000,0x00000000f4800000)
 ParOldGen       total 55808K, used 22111K [0x00000000c0000000, 0x00000000c3680000, 0x00000000eab00000)
  object space 55808K, 39% used [0x00000000c0000000,0x00000000c1597de8,0x00000000c3680000)
 Metaspace       used 47811K, capacity 48808K, committed 49064K, reserved 1091584K
  class space    used 6443K, capacity 6753K, committed 6832K, reserved 1048576K
}
Event: 28.198 GC heap before
{Heap before GC invocations=16 (full 2):
 PSYoungGen      total 115200K, used 115181K [0x00000000eab00000, 0x00000000f4800000, 0x0000000100000000)
  eden space 104960K, 100% used [0x00000000eab00000,0x00000000f1180000,0x00000000f1180000)
  from space 10240K, 99% used [0x00000000f1180000,0x00000000f1b7b510,0x00000000f1b80000)
  to   space 13824K, 0% used [0x00000000f3a80000,0x00000000f3a80000,0x00000000f4800000)
 ParOldGen       total 55808K, used 22111K [0x00000000c0000000, 0x00000000c3680000, 0x00000000eab00000)
  object space 55808K, 39% used [0x00000000c0000000,0x00000000c1597de8,0x00000000c3680000)
 Metaspace       used 54674K, capacity 56282K, committed 56488K, reserved 1097728K
  class space    used 7454K, capacity 7842K, committed 7856K, reserved 1048576K
Event: 28.272 GC heap after
Heap after GC invocations=16 (full 2):
 PSYoungGen      total 142848K, used 13821K [0x00000000eab00000, 0x00000000f5100000, 0x0000000100000000)
  eden space 129024K, 0% used [0x00000000eab00000,0x00000000eab00000,0x00000000f2900000)
  from space 13824K, 99% used [0x00000000f3a80000,0x00000000f47ff500,0x00000000f4800000)
  to   space 17920K, 0% used [0x00000000f2900000,0x00000000f2900000,0x00000000f3a80000)
 ParOldGen       total 55808K, used 28097K [0x00000000c0000000, 0x00000000c3680000, 0x00000000eab00000)
  object space 55808K, 50% used [0x00000000c0000000,0x00000000c1b70440,0x00000000c3680000)
 Metaspace       used 54674K, capacity 56282K, committed 56488K, reserved 1097728K
  class space    used 7454K, capacity 7842K, committed 7856K, reserved 1048576K
}

Deoptimization events (10 events):
Event: 28.651 Thread 0x000000001cbbf000 Uncommon trap: reason=class_check action=maybe_recompile pc=0x0000000003bce334 method=com.google.common.collect.AbstractMapBasedMultimap$WrappedCollection.refreshIfEmpty()V @ 59
Event: 28.742 Thread 0x000000001cbc1000 Uncommon trap: reason=unstable_if action=reinterpret pc=0x00000000037ed318 method=java.util.regex.Pattern$Curly.match0(Ljava/util/regex/Matcher;IILjava/lang/CharSequence;)Z @ 5
Event: 28.743 Thread 0x000000001cbc1000 Uncommon trap: reason=unstable_if action=reinterpret pc=0x0000000002bb7ec4 method=com.esotericsoftware.kryo.io.Input.readUtf8(I)V @ 79
Event: 28.885 Thread 0x000000001cbbf000 Uncommon trap: reason=unstable_if action=reinterpret pc=0x00000000038193a8 method=java.util.regex.Pattern$GroupTail.match(Ljava/util/regex/Matcher;ILjava/lang/CharSequence;)Z @ 73
Event: 28.916 Thread 0x000000001cbbf000 Uncommon trap: reason=unstable_if action=reinterpret pc=0x00000000038ab26c method=java.util.regex.Pattern.closure(Ljava/util/regex/Pattern$Node;)Ljava/util/regex/Pattern$Node; @ 113
Event: 28.916 Thread 0x000000001cbbf000 Uncommon trap: reason=unstable_if action=reinterpret pc=0x0000000002f43a30 method=java.lang.AbstractStringBuilder.append(Ljava/lang/String;)Ljava/lang/AbstractStringBuilder; @ 1
Event: 31.031 Thread 0x000000001cbbf000 Uncommon trap: reason=class_check action=maybe_recompile pc=0x000000000349d768 method=com.google.common.collect.ImmutableList$1.get(I)Ljava/lang/Object; @ 5
Event: 31.074 Thread 0x000000001cbbf000 Uncommon trap: reason=class_check action=maybe_recompile pc=0x000000000349d768 method=com.google.common.collect.ImmutableList$1.get(I)Ljava/lang/Object; @ 5
Event: 31.074 Thread 0x000000001cbbf000 Uncommon trap: reason=class_check action=maybe_recompile pc=0x000000000349d768 method=com.google.common.collect.ImmutableList$1.get(I)Ljava/lang/Object; @ 5
Event: 31.081 Thread 0x000000001cbbf000 Uncommon trap: reason=class_check action=maybe_recompile pc=0x000000000349d768 method=com.google.common.collect.ImmutableList$1.get(I)Ljava/lang/Object; @ 5

Classes redefined (0 events):
No events

Internal exceptions (10 events):
Event: 27.688 Thread 0x0000000017f47000 Exception <a 'java/lang/ClassNotFoundException': org/gradle/model/internal/core/ModelMapGroovyViewBeanInfo> (0x00000000f0983cc0) thrown at [D:\src\AOSP-openjdk-cygwin\jdk8u\hotspot\src\share\vm\classfile\systemDictionary.cpp, line 210]
Event: 27.688 Thread 0x0000000017f47000 Exception <a 'java/lang/ClassNotFoundException': org/gradle/model/internal/core/ModelMapGroovyViewCustomizer> (0x00000000f0999918) thrown at [D:\src\AOSP-openjdk-cygwin\jdk8u\hotspot\src\share\vm\classfile\systemDictionary.cpp, line 210]
Event: 27.690 Thread 0x0000000017f47000 Exception <a 'java/lang/ClassNotFoundException': org/gradle/model/internal/core/NodeBackedModelMapCustomizer> (0x00000000f09c29b8) thrown at [D:\src\AOSP-openjdk-cygwin\jdk8u\hotspot\src\share\vm\classfile\systemDictionary.cpp, line 210]
Event: 27.692 Thread 0x0000000017f47000 Exception <a 'java/lang/ClassNotFoundException': org/gradle/platform/base/BinaryContainer_ImplCustomizer> (0x00000000f0a27e28) thrown at [D:\src\AOSP-openjdk-cygwin\jdk8u\hotspot\src\share\vm\classfile\systemDictionary.cpp, line 210]
Event: 28.548 Thread 0x000000001cbbf000 Exception <a 'java/lang/NoSuchMethodError': <clinit>> (0x00000000eb264e48) thrown at [D:\src\AOSP-openjdk-cygwin\jdk8u\hotspot\src\share\vm\prims\jni.cpp, line 1613]
Event: 28.549 Thread 0x000000001cbbf000 Exception <a 'java/lang/NoSuchMethodError': <clinit>> (0x00000000eb2700c8) thrown at [D:\src\AOSP-openjdk-cygwin\jdk8u\hotspot\src\share\vm\prims\jni.cpp, line 1613]
Event: 28.678 Thread 0x000000001cbbf000 Exception <a 'java/lang/NoSuchMethodError': <clinit>> (0x00000000eb403550) thrown at [D:\src\AOSP-openjdk-cygwin\jdk8u\hotspot\src\share\vm\prims\jni.cpp, line 1613]
Event: 28.679 Thread 0x000000001cbbf000 Exception <a 'java/lang/NoSuchMethodError': <clinit>> (0x00000000eb416358) thrown at [D:\src\AOSP-openjdk-cygwin\jdk8u\hotspot\src\share\vm\prims\jni.cpp, line 1613]
Event: 28.679 Thread 0x000000001cbbf000 Exception <a 'java/lang/NoSuchMethodError': <clinit>> (0x00000000eb417c08) thrown at [D:\src\AOSP-openjdk-cygwin\jdk8u\hotspot\src\share\vm\prims\jni.cpp, line 1613]
Event: 28.916 Thread 0x000000001cbbf000 Implicit null exception at 0x0000000002f434e2 to 0x0000000002f43a21

Events (10 events):
Event: 31.112 Executing VM operation: RevokeBias
Event: 31.113 Executing VM operation: RevokeBias done
Event: 31.113 Executing VM operation: RevokeBias
Event: 31.113 Executing VM operation: RevokeBias done
Event: 31.113 Executing VM operation: RevokeBias
Event: 31.113 Executing VM operation: RevokeBias done
Event: 31.113 Executing VM operation: RevokeBias
Event: 31.113 Executing VM operation: RevokeBias done
Event: 31.115 loading class org/gradle/api/internal/changedetection/state/IndexedNormalizedFileSnapshot
Event: 31.115 loading class org/gradle/api/internal/changedetection/state/IndexedNormalizedFileSnapshot done


Dynamic libraries:
0x00007ff679670000 - 0x00007ff6796a1000 	C:\Program Files\Android\Android Studio\jre\bin\java.exe
0x00007ffc1e610000 - 0x00007ffc1e7f1000 	C:\WINDOWS\SYSTEM32\ntdll.dll
0x00007ffc1c6f0000 - 0x00007ffc1c7a2000 	C:\WINDOWS\System32\KERNEL32.DLL
0x00007ffc1b590000 - 0x00007ffc1b803000 	C:\WINDOWS\System32\KERNELBASE.dll
0x00007ffc1c130000 - 0x00007ffc1c1d1000 	C:\WINDOWS\System32\ADVAPI32.dll
0x00007ffc1c7b0000 - 0x00007ffc1c84e000 	C:\WINDOWS\System32\msvcrt.dll
0x00007ffc1c850000 - 0x00007ffc1c8ab000 	C:\WINDOWS\System32\sechost.dll
0x00007ffc1dec0000 - 0x00007ffc1dfe4000 	C:\WINDOWS\System32\RPCRT4.dll
0x00007ffc1e450000 - 0x00007ffc1e5e0000 	C:\WINDOWS\System32\USER32.dll
0x00007ffc1adb0000 - 0x00007ffc1add0000 	C:\WINDOWS\System32\win32u.dll
0x00007ffc1c300000 - 0x00007ffc1c328000 	C:\WINDOWS\System32\GDI32.dll
0x00007ffc1aae0000 - 0x00007ffc1ac72000 	C:\WINDOWS\System32\gdi32full.dll
0x00007ffc1b810000 - 0x00007ffc1b8af000 	C:\WINDOWS\System32\msvcp_win.dll
0x00007ffc1a9e0000 - 0x00007ffc1aada000 	C:\WINDOWS\System32\ucrtbase.dll
0x00007ffbfede0000 - 0x00007ffbff049000 	C:\WINDOWS\WinSxS\amd64_microsoft.windows.common-controls_6595b64144ccf1df_6.0.17134.471_none_fb3e9aab3068fc16\COMCTL32.dll
0x00007ffc1bda0000 - 0x00007ffc1c0c2000 	C:\WINDOWS\System32\combase.dll
0x00007ffc1ad30000 - 0x00007ffc1adaa000 	C:\WINDOWS\System32\bcryptPrimitives.dll
0x00007ffc1c260000 - 0x00007ffc1c28d000 	C:\WINDOWS\System32\IMM32.DLL
0x0000000067c60000 - 0x0000000067d32000 	C:\Program Files\Android\Android Studio\jre\jre\bin\msvcr100.dll
0x00000000660b0000 - 0x00000000668f1000 	C:\Program Files\Android\Android Studio\jre\jre\bin\server\jvm.dll
0x00007ffc1e440000 - 0x00007ffc1e448000 	C:\WINDOWS\System32\PSAPI.DLL
0x00007ffc12310000 - 0x00007ffc1231a000 	C:\WINDOWS\SYSTEM32\VERSION.dll
0x00007ffc172a0000 - 0x00007ffc172c3000 	C:\WINDOWS\SYSTEM32\WINMM.dll
0x00007ffc16900000 - 0x00007ffc16909000 	C:\WINDOWS\SYSTEM32\WSOCK32.dll
0x00007ffc1de50000 - 0x00007ffc1debc000 	C:\WINDOWS\System32\WS2_32.dll
0x00007ffc17220000 - 0x00007ffc1724a000 	C:\WINDOWS\SYSTEM32\winmmbase.dll
0x00007ffc1ac80000 - 0x00007ffc1acc9000 	C:\WINDOWS\System32\cfgmgr32.dll
0x00007ffc16910000 - 0x00007ffc1691f000 	C:\Program Files\Android\Android Studio\jre\jre\bin\verify.dll
0x00007ffc0e050000 - 0x00007ffc0e079000 	C:\Program Files\Android\Android Studio\jre\jre\bin\java.dll
0x00007ffc13ee0000 - 0x00007ffc13ef6000 	C:\Program Files\Android\Android Studio\jre\jre\bin\zip.dll
0x00007ffc1c910000 - 0x00007ffc1dd50000 	C:\WINDOWS\System32\SHELL32.dll
0x00007ffc1c420000 - 0x00007ffc1c4c9000 	C:\WINDOWS\System32\shcore.dll
0x00007ffc1ae80000 - 0x00007ffc1b58d000 	C:\WINDOWS\System32\windows.storage.dll
0x00007ffc1c0d0000 - 0x00007ffc1c121000 	C:\WINDOWS\System32\shlwapi.dll
0x00007ffc1a9a0000 - 0x00007ffc1a9b1000 	C:\WINDOWS\System32\kernel.appcore.dll
0x00007ffc1a9c0000 - 0x00007ffc1a9df000 	C:\WINDOWS\System32\profapi.dll
0x00007ffc1a950000 - 0x00007ffc1a99c000 	C:\WINDOWS\System32\powrprof.dll
0x00007ffc1a920000 - 0x00007ffc1a92a000 	C:\WINDOWS\System32\FLTLIB.DLL
0x00007ffc12890000 - 0x00007ffc128aa000 	C:\Program Files\Android\Android Studio\jre\jre\bin\net.dll
0x00007ffc1a1a0000 - 0x00007ffc1a206000 	C:\WINDOWS\system32\mswsock.dll
0x00007ffc0df50000 - 0x00007ffc0df61000 	C:\Program Files\Android\Android Studio\jre\jre\bin\nio.dll
0x00007ffc0bf40000 - 0x00007ffc0bf5e000 	C:\Users\brrri\.gradle\native\25\windows-amd64\native-platform.dll
0x00007ffc15120000 - 0x00007ffc1512d000 	C:\Program Files\Android\Android Studio\jre\jre\bin\management.dll
0x00007ffc1a350000 - 0x00007ffc1a367000 	C:\WINDOWS\SYSTEM32\CRYPTSP.dll
0x00007ffc19d80000 - 0x00007ffc19db3000 	C:\WINDOWS\system32\rsaenh.dll
0x00007ffc1a480000 - 0x00007ffc1a4a5000 	C:\WINDOWS\SYSTEM32\bcrypt.dll
0x00007ffc1a820000 - 0x00007ffc1a848000 	C:\WINDOWS\SYSTEM32\USERENV.dll
0x00007ffc1a370000 - 0x00007ffc1a37b000 	C:\WINDOWS\SYSTEM32\CRYPTBASE.dll
0x00007ffc19f20000 - 0x00007ffc19f58000 	C:\WINDOWS\SYSTEM32\IPHLPAPI.DLL
0x00007ffc1dd50000 - 0x00007ffc1dd58000 	C:\WINDOWS\System32\NSI.dll
0x00007ffc11190000 - 0x00007ffc111a6000 	C:\WINDOWS\SYSTEM32\dhcpcsvc6.DLL
0x00007ffc11560000 - 0x00007ffc1157a000 	C:\WINDOWS\SYSTEM32\dhcpcsvc.DLL

VM Arguments:
jvm_args: -Xmx1024m -Dfile.encoding=windows-1251 -Duser.country=RU -Duser.language=ru -Duser.variant 
java_command: org.gradle.launcher.daemon.bootstrap.GradleDaemon 4.6
java_class_path (initial): C:\Users\brrri\.gradle\wrapper\dists\gradle-4.6-all\bcst21l2brirad8k2ben1letg\gradle-4.6\lib\gradle-launcher-4.6.jar
Launcher Type: SUN_STANDARD

Environment Variables:
JAVA_HOME=C:\Program Files\Java\jdk-10.0.2
PATH=C:\Program Files (x86)\Common Files\Oracle\Java\javapath;C:\ProgramData\Oracle\Java\javapath;C:\Program Files (x86)\Borland\CBUILD~1\Bin;C:\Program Files (x86)\Borland\CBUILD~1\Projects\Bpl;C:\Program Files\Broadcom\Broadcom 802.11 Network Adapter;C:\Program Files (x86)\Intel\iCLS Client\;C:\Program Files\Intel\iCLS Client\;C:\Windows\System32;C:\Windows;C:\Windows\System32\wbem;C:\Windows\System32\WindowsPowerShell\v1.0\;C:\Program Files (x86)\Intel\Intel(R) Management Engine Components\DAL;C:\Program Files\Intel\Intel(R) Management Engine Components\DAL;C:\Program Files (x86)\Intel\Intel(R) Management Engine Components\IPT;C:\Program Files\Intel\Intel(R) Management Engine Components\IPT;C:\Program Files (x86)\NVIDIA Corporation\PhysX\Common;C:\WINDOWS\system32;C:\WINDOWS;C:\WINDOWS\System32\Wbem;C:\WINDOWS\System32\WindowsPowerShell\v1.0\;C:\WINDOWS\System32\OpenSSH\;C:\Program Files\Git\cmd;C:\Ruby24-x64\bin;C:\Users\brrri\AppData\Local\Microsoft\WindowsApps;
USERNAME=brrri
OS=Windows_NT
PROCESSOR_IDENTIFIER=Intel64 Family 6 Model 69 Stepping 1, GenuineIntel



---------------  S Y S T E M  ---------------

OS: Windows 10.0 , 64 bit Build 17134 (10.0.17134.1)

CPU:total 4 (initial active 4) (2 cores per cpu, 2 threads per core) family 6 model 69 stepping 1, cmov, cx8, fxsr, mmx, sse, sse2, sse3, ssse3, sse4.1, sse4.2, popcnt, avx, avx2, aes, clmul, erms, lzcnt, ht, tsc, tscinvbit, bmi1, bmi2

Memory: 4k page, physical 4112840k(326688k free), swap 4112840k(4344k free)

vm_info: OpenJDK 64-Bit Server VM (25.152-b06) for windows-amd64 JRE (1.8.0_152-release-1136-b06), built by "builder" with MS VC++ 10.0 (VS2010)

time: Wed Dec 19 18:02:55 2018
elapsed time: 31 seconds (0d 0h 0m 31s)

