#
# There is insufficient memory for the Java Runtime Environment to continue.
# Native memory allocation (malloc) failed to allocate 773056 bytes for Chunk::new
# Possible reasons:
#   The system is out of physical RAM or swap space
#   In 32 bit mode, the process size limit was hit
# Possible solutions:
#   Reduce memory load on the system
#   Increase physical memory or swap space
#   Check if swap backing store is full
#   Use 64 bit Java on a 64 bit OS
#   Decrease Java heap size (-Xmx/-Xms)
#   Decrease number of Java threads
#   Decrease Java thread stack sizes (-Xss)
#   Set larger code cache with -XX:ReservedCodeCacheSize=
# This output file may be truncated or incomplete.
#
#  Out of Memory Error (allocation.cpp:390), pid=49856, tid=0x0000000000021a88
#
# JRE version: OpenJDK Runtime Environment (8.0_152-b06) (build 1.8.0_152-release-1136-b06)
# Java VM: OpenJDK 64-Bit Server VM (25.152-b06 mixed mode windows-amd64 compressed oops)
# Failed to write core dump. Minidumps are not enabled by default on client versions of Windows
#

---------------  T H R E A D  ---------------

Current thread (0x000000001540c000):  JavaThread "C2 CompilerThread0" daemon [_thread_in_native, id=137864, stack(0x0000000016a60000,0x0000000016b60000)]

Stack: [0x0000000016a60000,0x0000000016b60000]
[error occurred during error reporting (printing stack bounds), id 0xc0000005]

Native frames: (J=compiled Java code, j=interpreted, Vv=VM code, C=native code)


Current CompileTask:
C2:   3518 1349       4       java.net.URLClassLoader$1::run (5 bytes)


---------------  P R O C E S S  ---------------

Java Threads: ( => current thread )
  0x00000000180e5800 JavaThread "File lock request listener" [_thread_in_native, id=142872, stack(0x0000000019ee0000,0x0000000019fe0000)]
  0x0000000018642000 JavaThread "Cache worker for file hash cache (C:\Users\brrri\.gradle\caches\4.6\fileHashes)" [_thread_blocked, id=144136, stack(0x0000000019de0000,0x0000000019ee0000)]
  0x0000000018455800 JavaThread "Stdin handler" [_thread_blocked, id=130864, stack(0x0000000019ae0000,0x0000000019be0000)]
  0x0000000018452800 JavaThread "Asynchronous log dispatcher for DefaultDaemonConnection: socket connection from /127.0.0.1:59169 to /127.0.0.1:59170" [_thread_blocked, id=118676, stack(0x00000000199e0000,0x0000000019ae0000)]
  0x0000000018452000 JavaThread "Daemon worker" [_thread_in_vm, id=144084, stack(0x00000000198e0000,0x00000000199e0000)]
  0x00000000184e0000 JavaThread "Cancel handler" [_thread_blocked, id=138588, stack(0x00000000197e0000,0x00000000198e0000)]
  0x000000001842c000 JavaThread "Handler for socket connection from /127.0.0.1:59169 to /127.0.0.1:59170" [_thread_in_native, id=131308, stack(0x00000000194e0000,0x00000000195e0000)]
  0x000000001842b800 JavaThread "Daemon" [_thread_blocked, id=144252, stack(0x00000000193e0000,0x00000000194e0000)]
  0x000000001818a000 JavaThread "Daemon periodic checks" [_thread_blocked, id=131908, stack(0x00000000192e0000,0x00000000193e0000)]
  0x0000000018092000 JavaThread "Incoming local TCP Connector on port 59169" [_thread_in_native, id=144072, stack(0x0000000019090000,0x0000000019190000)]
  0x0000000016d88800 JavaThread "Service Thread" daemon [_thread_blocked, id=132352, stack(0x0000000017160000,0x0000000017260000)]
  0x000000001541b800 JavaThread "C1 CompilerThread2" daemon [_thread_blocked, id=82076, stack(0x0000000016c60000,0x0000000016d60000)]
  0x0000000015410000 JavaThread "C2 CompilerThread1" daemon [_thread_blocked, id=92072, stack(0x0000000016b60000,0x0000000016c60000)]
=>0x000000001540c000 JavaThread "C2 CompilerThread0" daemon [_thread_in_native, id=137864, stack(0x0000000016a60000,0x0000000016b60000)]
  0x000000001540b000 JavaThread "Attach Listener" daemon [_thread_blocked, id=142340, stack(0x0000000016960000,0x0000000016a60000)]
  0x000000001540a000 JavaThread "Signal Dispatcher" daemon [_thread_blocked, id=79372, stack(0x0000000016860000,0x0000000016960000)]
  0x00000000153f8000 JavaThread "Finalizer" daemon [_thread_blocked, id=144248, stack(0x0000000016660000,0x0000000016760000)]
  0x0000000002d13800 JavaThread "Reference Handler" daemon [_thread_blocked, id=143628, stack(0x0000000016560000,0x0000000016660000)]
  0x0000000002c22800 JavaThread "main" [_thread_blocked, id=140884, stack(0x0000000002b20000,0x0000000002c20000)]

Other Threads:
  0x00000000153d5000 VMThread [stack: 0x0000000016460000,0x0000000016560000] [id=83104]
  0x000000001546e000 WatcherThread [stack: 0x0000000017260000,0x0000000017360000] [id=141480]

VM state:not at safepoint (normal execution)

VM Mutex/Monitor currently owned by a thread: None

Heap:
 PSYoungGen      total 21504K, used 5653K [0x00000000eab00000, 0x00000000ed500000, 0x0000000100000000)
  eden space 16384K, 6% used [0x00000000eab00000,0x00000000eac1bc78,0x00000000ebb00000)
  from space 5120K, 88% used [0x00000000ed000000,0x00000000ed469908,0x00000000ed500000)
  to   space 2560K, 0% used [0x00000000ebb00000,0x00000000ebb00000,0x00000000ebd80000)
 ParOldGen       total 44032K, used 5061K [0x00000000c0000000, 0x00000000c2b00000, 0x00000000eab00000)
  object space 44032K, 11% used [0x00000000c0000000,0x00000000c04f17f0,0x00000000c2b00000)
 Metaspace       used 14339K, capacity 14648K, committed 14720K, reserved 1062912K
  class space    used 2010K, capacity 2128K, committed 2176K, reserved 1048576K

Card table byte_map: [0x00000000120e0000,0x00000000122f0000] byte_map_base: 0x0000000011ae0000

Marking Bits: (ParMarkBitMap*) 0x0000000066875aa0
 Begin Bits: [0x0000000012850000, 0x0000000013850000)
 End Bits:   [0x0000000013850000, 0x0000000014850000)

Polling page: 0x0000000001230000

CodeCache: size=245760Kb used=4813Kb max_used=4824Kb free=240946Kb
 bounds [0x0000000002d20000, 0x00000000031e0000, 0x0000000011d20000]
 total_blobs=1716 nmethods=1349 adapters=281
 compilation: enabled

Compilation events (10 events):
Event: 3.449 Thread 0x000000001541b800 nmethod 1346 0x00000000031cfd50 code [0x00000000031cfee0, 0x00000000031d02a8]
Event: 3.449 Thread 0x000000001541b800 1348       3       org.gradle.internal.service.DefaultServiceRegistry::find (151 bytes)
Event: 3.450 Thread 0x000000001541b800 nmethod 1348 0x00000000031d19d0 code [0x00000000031d1d20, 0x00000000031d38f8]
Event: 3.450 Thread 0x000000001541b800 1347       3       java.util.Collections::emptyList (4 bytes)
Event: 3.450 Thread 0x000000001540c000 1349       4       java.net.URLClassLoader$1::run (5 bytes)
Event: 3.450 Thread 0x000000001541b800 nmethod 1347 0x00000000031d16d0 code [0x00000000031d1820, 0x00000000031d1950]
Event: 3.472 Thread 0x000000001541b800 1350       3       sun.reflect.ReflectionFactory::inflationThreshold (4 bytes)
Event: 3.473 Thread 0x000000001541b800 nmethod 1350 0x00000000031d4850 code [0x00000000031d49a0, 0x00000000031d4ad0]
Event: 3.500 Thread 0x0000000015410000 1352       4       java.lang.ref.ReferenceQueue::reallyPoll (66 bytes)
Event: 3.502 Thread 0x0000000015410000 nmethod 1352 0x00000000031d7c10 code [0x00000000031d7d40, 0x00000000031d7e78]

GC Heap History (10 events):
Event: 1.447 GC heap before
{Heap before GC invocations=2 (full 0):
 PSYoungGen      total 18944K, used 18932K [0x00000000eab00000, 0x00000000ec000000, 0x0000000100000000)
  eden space 16384K, 100% used [0x00000000eab00000,0x00000000ebb00000,0x00000000ebb00000)
  from space 2560K, 99% used [0x00000000ebb00000,0x00000000ebd7d398,0x00000000ebd80000)
  to   space 2560K, 0% used [0x00000000ebd80000,0x00000000ebd80000,0x00000000ec000000)
 ParOldGen       total 44032K, used 479K [0x00000000c0000000, 0x00000000c2b00000, 0x00000000eab00000)
  object space 44032K, 1% used [0x00000000c0000000,0x00000000c0077ff0,0x00000000c2b00000)
 Metaspace       used 6962K, capacity 7112K, committed 7424K, reserved 1056768K
  class space    used 846K, capacity 909K, committed 1024K, reserved 1048576K
Event: 1.451 GC heap after
Heap after GC invocations=2 (full 0):
 PSYoungGen      total 18944K, used 2528K [0x00000000eab00000, 0x00000000ec000000, 0x0000000100000000)
  eden space 16384K, 0% used [0x00000000eab00000,0x00000000eab00000,0x00000000ebb00000)
  from space 2560K, 98% used [0x00000000ebd80000,0x00000000ebff80c8,0x00000000ec000000)
  to   space 2560K, 0% used [0x00000000ebb00000,0x00000000ebb00000,0x00000000ebd80000)
 ParOldGen       total 44032K, used 631K [0x00000000c0000000, 0x00000000c2b00000, 0x00000000eab00000)
  object space 44032K, 1% used [0x00000000c0000000,0x00000000c009df08,0x00000000c2b00000)
 Metaspace       used 6962K, capacity 7112K, committed 7424K, reserved 1056768K
  class space    used 846K, capacity 909K, committed 1024K, reserved 1048576K
}
Event: 1.754 GC heap before
{Heap before GC invocations=3 (full 0):
 PSYoungGen      total 18944K, used 18912K [0x00000000eab00000, 0x00000000ec000000, 0x0000000100000000)
  eden space 16384K, 100% used [0x00000000eab00000,0x00000000ebb00000,0x00000000ebb00000)
  from space 2560K, 98% used [0x00000000ebd80000,0x00000000ebff80c8,0x00000000ec000000)
  to   space 2560K, 0% used [0x00000000ebb00000,0x00000000ebb00000,0x00000000ebd80000)
 ParOldGen       total 44032K, used 631K [0x00000000c0000000, 0x00000000c2b00000, 0x00000000eab00000)
  object space 44032K, 1% used [0x00000000c0000000,0x00000000c009df08,0x00000000c2b00000)
 Metaspace       used 7266K, capacity 7426K, committed 7680K, reserved 1056768K
  class space    used 906K, capacity 950K, committed 1024K, reserved 1048576K
Event: 1.757 GC heap after
Heap after GC invocations=3 (full 0):
 PSYoungGen      total 18944K, used 2528K [0x00000000eab00000, 0x00000000ec000000, 0x0000000100000000)
  eden space 16384K, 0% used [0x00000000eab00000,0x00000000eab00000,0x00000000ebb00000)
  from space 2560K, 98% used [0x00000000ebb00000,0x00000000ebd78020,0x00000000ebd80000)
  to   space 2560K, 0% used [0x00000000ebd80000,0x00000000ebd80000,0x00000000ec000000)
 ParOldGen       total 44032K, used 1027K [0x00000000c0000000, 0x00000000c2b00000, 0x00000000eab00000)
  object space 44032K, 2% used [0x00000000c0000000,0x00000000c0100cc0,0x00000000c2b00000)
 Metaspace       used 7266K, capacity 7426K, committed 7680K, reserved 1056768K
  class space    used 906K, capacity 950K, committed 1024K, reserved 1048576K
}
Event: 3.046 GC heap before
{Heap before GC invocations=4 (full 0):
 PSYoungGen      total 18944K, used 18912K [0x00000000eab00000, 0x00000000ec000000, 0x0000000100000000)
  eden space 16384K, 100% used [0x00000000eab00000,0x00000000ebb00000,0x00000000ebb00000)
  from space 2560K, 98% used [0x00000000ebb00000,0x00000000ebd78020,0x00000000ebd80000)
  to   space 2560K, 0% used [0x00000000ebd80000,0x00000000ebd80000,0x00000000ec000000)
 ParOldGen       total 44032K, used 1027K [0x00000000c0000000, 0x00000000c2b00000, 0x00000000eab00000)
  object space 44032K, 2% used [0x00000000c0000000,0x00000000c0100cc0,0x00000000c2b00000)
 Metaspace       used 10843K, capacity 11012K, committed 11264K, reserved 1058816K
  class space    used 1417K, capacity 1522K, committed 1536K, reserved 1048576K
Event: 3.052 GC heap after
Heap after GC invocations=4 (full 0):
 PSYoungGen      total 18944K, used 2544K [0x00000000eab00000, 0x00000000ec000000, 0x0000000100000000)
  eden space 16384K, 0% used [0x00000000eab00000,0x00000000eab00000,0x00000000ebb00000)
  from space 2560K, 99% used [0x00000000ebd80000,0x00000000ebffc010,0x00000000ec000000)
  to   space 2560K, 0% used [0x00000000ebb00000,0x00000000ebb00000,0x00000000ebd80000)
 ParOldGen       total 44032K, used 3102K [0x00000000c0000000, 0x00000000c2b00000, 0x00000000eab00000)
  object space 44032K, 7% used [0x00000000c0000000,0x00000000c03078d8,0x00000000c2b00000)
 Metaspace       used 10843K, capacity 11012K, committed 11264K, reserved 1058816K
  class space    used 1417K, capacity 1522K, committed 1536K, reserved 1048576K
}
Event: 3.303 GC heap before
{Heap before GC invocations=5 (full 0):
 PSYoungGen      total 18944K, used 18928K [0x00000000eab00000, 0x00000000ec000000, 0x0000000100000000)
  eden space 16384K, 100% used [0x00000000eab00000,0x00000000ebb00000,0x00000000ebb00000)
  from space 2560K, 99% used [0x00000000ebd80000,0x00000000ebffc010,0x00000000ec000000)
  to   space 2560K, 0% used [0x00000000ebb00000,0x00000000ebb00000,0x00000000ebd80000)
 ParOldGen       total 44032K, used 3102K [0x00000000c0000000, 0x00000000c2b00000, 0x00000000eab00000)
  object space 44032K, 7% used [0x00000000c0000000,0x00000000c03078d8,0x00000000c2b00000)
 Metaspace       used 12852K, capacity 13204K, committed 13440K, reserved 1060864K
  class space    used 1751K, capacity 1902K, committed 1920K, reserved 1048576K
Event: 3.310 GC heap after
Heap after GC invocations=5 (full 0):
 PSYoungGen      total 18944K, used 2528K [0x00000000eab00000, 0x00000000ed500000, 0x0000000100000000)
  eden space 16384K, 0% used [0x00000000eab00000,0x00000000eab00000,0x00000000ebb00000)
  from space 2560K, 98% used [0x00000000ebb00000,0x00000000ebd78020,0x00000000ebd80000)
  to   space 5120K, 0% used [0x00000000ed000000,0x00000000ed000000,0x00000000ed500000)
 ParOldGen       total 44032K, used 5053K [0x00000000c0000000, 0x00000000c2b00000, 0x00000000eab00000)
  object space 44032K, 11% used [0x00000000c0000000,0x00000000c04ef7f0,0x00000000c2b00000)
 Metaspace       used 12852K, capacity 13204K, committed 13440K, reserved 1060864K
  class space    used 1751K, capacity 1902K, committed 1920K, reserved 1048576K
}
Event: 3.491 GC heap before
{Heap before GC invocations=6 (full 0):
 PSYoungGen      total 18944K, used 18912K [0x00000000eab00000, 0x00000000ed500000, 0x0000000100000000)
  eden space 16384K, 100% used [0x00000000eab00000,0x00000000ebb00000,0x00000000ebb00000)
  from space 2560K, 98% used [0x00000000ebb00000,0x00000000ebd78020,0x00000000ebd80000)
  to   space 5120K, 0% used [0x00000000ed000000,0x00000000ed000000,0x00000000ed500000)
 ParOldGen       total 44032K, used 5053K [0x00000000c0000000, 0x00000000c2b00000, 0x00000000eab00000)
  object space 44032K, 11% used [0x00000000c0000000,0x00000000c04ef7f0,0x00000000c2b00000)
 Metaspace       used 14211K, capacity 14520K, committed 14720K, reserved 1062912K
  class space    used 1987K, capacity 2128K, committed 2176K, reserved 1048576K
Event: 3.499 GC heap after
Heap after GC invocations=6 (full 0):
 PSYoungGen      total 21504K, used 4518K [0x00000000eab00000, 0x00000000ed500000, 0x0000000100000000)
  eden space 16384K, 0% used [0x00000000eab00000,0x00000000eab00000,0x00000000ebb00000)
  from space 5120K, 88% used [0x00000000ed000000,0x00000000ed469908,0x00000000ed500000)
  to   space 2560K, 0% used [0x00000000ebb00000,0x00000000ebb00000,0x00000000ebd80000)
 ParOldGen       total 44032K, used 5061K [0x00000000c0000000, 0x00000000c2b00000, 0x00000000eab00000)
  object space 44032K, 11% used [0x00000000c0000000,0x00000000c04f17f0,0x00000000c2b00000)
 Metaspace       used 14211K, capacity 14520K, committed 14720K, reserved 1062912K
  class space    used 1987K, capacity 2128K, committed 2176K, reserved 1048576K
}

Deoptimization events (10 events):
Event: 1.978 Thread 0x0000000002c22800 Uncommon trap: reason=bimorphic action=maybe_recompile pc=0x0000000003083748 method=java.util.HashMap.putVal(ILjava/lang/Object;Ljava/lang/Object;ZZ)Ljava/lang/Object; @ 203
Event: 2.287 Thread 0x0000000002c22800 Uncommon trap: reason=unstable_if action=reinterpret pc=0x0000000002fd8a98 method=java.io.WinNTFileSystem.normalize(Ljava/lang/String;)Ljava/lang/String; @ 128
Event: 2.287 Thread 0x0000000002c22800 Uncommon trap: reason=unstable_if action=reinterpret pc=0x0000000003065b30 method=java.io.WinNTFileSystem.normalize(Ljava/lang/String;II)Ljava/lang/String; @ 90
Event: 3.099 Thread 0x000000001842c000 Uncommon trap: reason=unstable_if action=reinterpret pc=0x00000000031379f0 method=java.util.concurrent.ConcurrentHashMap.putVal(Ljava/lang/Object;Ljava/lang/Object;Z)Ljava/lang/Object; @ 206
Event: 3.183 Thread 0x0000000018452000 Uncommon trap: reason=bimorphic action=maybe_recompile pc=0x00000000030831d8 method=java.util.HashMap.putVal(ILjava/lang/Object;Ljava/lang/Object;ZZ)Ljava/lang/Object; @ 253
Event: 3.183 Thread 0x0000000018452000 Uncommon trap: reason=bimorphic action=maybe_recompile pc=0x00000000030831d8 method=java.util.HashMap.putVal(ILjava/lang/Object;Ljava/lang/Object;ZZ)Ljava/lang/Object; @ 253
Event: 3.183 Thread 0x0000000018452000 Uncommon trap: reason=bimorphic action=maybe_recompile pc=0x000000000307d7a0 method=java.util.HashMap.putVal(ILjava/lang/Object;Ljava/lang/Object;ZZ)Ljava/lang/Object; @ 253
Event: 3.399 Thread 0x0000000018452000 Uncommon trap: reason=class_check action=maybe_recompile pc=0x0000000002fcbbc4 method=java.util.regex.Matcher.match(II)Z @ 86
Event: 3.399 Thread 0x0000000018452000 Uncommon trap: reason=class_check action=maybe_recompile pc=0x0000000002fcbbc4 method=java.util.regex.Matcher.match(II)Z @ 86
Event: 3.455 Thread 0x0000000018452000 Uncommon trap: reason=class_check action=maybe_recompile pc=0x0000000002f9bb5c method=java.util.regex.Matcher.match(II)Z @ 86

Classes redefined (0 events):
No events

Internal exceptions (10 events):
Event: 3.115 Thread 0x000000001842c000 Exception <a 'java/lang/NoSuchMethodError': <clinit>> (0x00000000eadb03e8) thrown at [D:\src\AOSP-openjdk-cygwin\jdk8u\hotspot\src\share\vm\prims\jni.cpp, line 1613]
Event: 3.117 Thread 0x000000001842c000 Exception <a 'java/lang/NoSuchMethodError': <clinit>> (0x00000000eadc1b80) thrown at [D:\src\AOSP-openjdk-cygwin\jdk8u\hotspot\src\share\vm\prims\jni.cpp, line 1613]
Event: 3.132 Thread 0x000000001842c000 Exception <a 'java/lang/NoSuchMethodError': <clinit>> (0x00000000eae35bb0) thrown at [D:\src\AOSP-openjdk-cygwin\jdk8u\hotspot\src\share\vm\prims\jni.cpp, line 1613]
Event: 3.136 Thread 0x000000001842c000 Exception <a 'java/lang/NoSuchMethodError': <clinit>> (0x00000000eae5ae00) thrown at [D:\src\AOSP-openjdk-cygwin\jdk8u\hotspot\src\share\vm\prims\jni.cpp, line 1613]
Event: 3.142 Thread 0x000000001842c000 Exception <a 'java/lang/NoSuchMethodError': <clinit>> (0x00000000eae87040) thrown at [D:\src\AOSP-openjdk-cygwin\jdk8u\hotspot\src\share\vm\prims\jni.cpp, line 1613]
Event: 3.144 Thread 0x000000001842c000 Exception <a 'java/lang/NoSuchMethodError': <clinit>> (0x00000000eae923e0) thrown at [D:\src\AOSP-openjdk-cygwin\jdk8u\hotspot\src\share\vm\prims\jni.cpp, line 1613]
Event: 3.146 Thread 0x000000001842c000 Exception <a 'java/lang/NoSuchMethodError': <clinit>> (0x00000000eae9df40) thrown at [D:\src\AOSP-openjdk-cygwin\jdk8u\hotspot\src\share\vm\prims\jni.cpp, line 1613]
Event: 3.149 Thread 0x000000001842c000 Exception <a 'java/lang/NoSuchMethodError': <clinit>> (0x00000000eaec26b0) thrown at [D:\src\AOSP-openjdk-cygwin\jdk8u\hotspot\src\share\vm\prims\jni.cpp, line 1613]
Event: 3.168 Thread 0x0000000018452000 Exception <a 'java/lang/NoSuchMethodError': <clinit>> (0x00000000eaf97a28) thrown at [D:\src\AOSP-openjdk-cygwin\jdk8u\hotspot\src\share\vm\prims\jni.cpp, line 1613]
Event: 3.169 Thread 0x0000000018452000 Exception <a 'java/lang/NoSuchMethodError': <clinit>> (0x00000000eaf9fcb0) thrown at [D:\src\AOSP-openjdk-cygwin\jdk8u\hotspot\src\share\vm\prims\jni.cpp, line 1613]

Events (10 events):
Event: 3.512 loading class com/google/common/util/concurrent/Striped$1
Event: 3.512 loading class com/google/common/util/concurrent/Striped$1 done
Event: 3.512 loading class com/google/common/math/IntMath
Event: 3.512 loading class com/google/common/math/IntMath done
Event: 3.514 loading class com/google/common/math/MathPreconditions
Event: 3.514 loading class com/google/common/math/MathPreconditions done
Event: 3.515 loading class com/google/common/math/IntMath$1
Event: 3.515 loading class com/google/common/math/IntMath$1 done
Event: 3.515 loading class com/google/common/util/concurrent/Striped$PaddedLock
Event: 3.515 loading class com/google/common/util/concurrent/Striped$PaddedLock done


Dynamic libraries:
0x00007ff67d530000 - 0x00007ff67d561000 	C:\Program Files\Android\Android Studio\jre\bin\java.exe
0x00007ffc1e610000 - 0x00007ffc1e7f1000 	C:\WINDOWS\SYSTEM32\ntdll.dll
0x00007ffc1c6f0000 - 0x00007ffc1c7a2000 	C:\WINDOWS\System32\KERNEL32.DLL
0x00007ffc1b590000 - 0x00007ffc1b803000 	C:\WINDOWS\System32\KERNELBASE.dll
0x00007ffc1c130000 - 0x00007ffc1c1d1000 	C:\WINDOWS\System32\ADVAPI32.dll
0x00007ffc1c7b0000 - 0x00007ffc1c84e000 	C:\WINDOWS\System32\msvcrt.dll
0x00007ffc1c850000 - 0x00007ffc1c8ab000 	C:\WINDOWS\System32\sechost.dll
0x00007ffc1dec0000 - 0x00007ffc1dfe4000 	C:\WINDOWS\System32\RPCRT4.dll
0x00007ffc1e450000 - 0x00007ffc1e5e0000 	C:\WINDOWS\System32\USER32.dll
0x00007ffc1adb0000 - 0x00007ffc1add0000 	C:\WINDOWS\System32\win32u.dll
0x00007ffc1c300000 - 0x00007ffc1c328000 	C:\WINDOWS\System32\GDI32.dll
0x00007ffc1aae0000 - 0x00007ffc1ac72000 	C:\WINDOWS\System32\gdi32full.dll
0x00007ffc1b810000 - 0x00007ffc1b8af000 	C:\WINDOWS\System32\msvcp_win.dll
0x00007ffc1a9e0000 - 0x00007ffc1aada000 	C:\WINDOWS\System32\ucrtbase.dll
0x00007ffbfede0000 - 0x00007ffbff049000 	C:\WINDOWS\WinSxS\amd64_microsoft.windows.common-controls_6595b64144ccf1df_6.0.17134.471_none_fb3e9aab3068fc16\COMCTL32.dll
0x00007ffc1bda0000 - 0x00007ffc1c0c2000 	C:\WINDOWS\System32\combase.dll
0x00007ffc1ad30000 - 0x00007ffc1adaa000 	C:\WINDOWS\System32\bcryptPrimitives.dll
0x00007ffc1c260000 - 0x00007ffc1c28d000 	C:\WINDOWS\System32\IMM32.DLL
0x0000000067c60000 - 0x0000000067d32000 	C:\Program Files\Android\Android Studio\jre\jre\bin\msvcr100.dll
0x00000000660b0000 - 0x00000000668f1000 	C:\Program Files\Android\Android Studio\jre\jre\bin\server\jvm.dll
0x00007ffc1e440000 - 0x00007ffc1e448000 	C:\WINDOWS\System32\PSAPI.DLL
0x00007ffc172a0000 - 0x00007ffc172c3000 	C:\WINDOWS\SYSTEM32\WINMM.dll
0x00007ffc12310000 - 0x00007ffc1231a000 	C:\WINDOWS\SYSTEM32\VERSION.dll
0x00007ffc16900000 - 0x00007ffc16909000 	C:\WINDOWS\SYSTEM32\WSOCK32.dll
0x00007ffc1de50000 - 0x00007ffc1debc000 	C:\WINDOWS\System32\WS2_32.dll
0x00007ffc17220000 - 0x00007ffc1724a000 	C:\WINDOWS\SYSTEM32\WINMMBASE.dll
0x00007ffc1ac80000 - 0x00007ffc1acc9000 	C:\WINDOWS\System32\cfgmgr32.dll
0x00007ffc16910000 - 0x00007ffc1691f000 	C:\Program Files\Android\Android Studio\jre\jre\bin\verify.dll
0x00007ffc0e050000 - 0x00007ffc0e079000 	C:\Program Files\Android\Android Studio\jre\jre\bin\java.dll
0x00007ffc13ee0000 - 0x00007ffc13ef6000 	C:\Program Files\Android\Android Studio\jre\jre\bin\zip.dll
0x00007ffc1c910000 - 0x00007ffc1dd50000 	C:\WINDOWS\System32\SHELL32.dll
0x00007ffc1c420000 - 0x00007ffc1c4c9000 	C:\WINDOWS\System32\shcore.dll
0x00007ffc1ae80000 - 0x00007ffc1b58d000 	C:\WINDOWS\System32\windows.storage.dll
0x00007ffc1c0d0000 - 0x00007ffc1c121000 	C:\WINDOWS\System32\shlwapi.dll
0x00007ffc1a9a0000 - 0x00007ffc1a9b1000 	C:\WINDOWS\System32\kernel.appcore.dll
0x00007ffc1a9c0000 - 0x00007ffc1a9df000 	C:\WINDOWS\System32\profapi.dll
0x00007ffc1a950000 - 0x00007ffc1a99c000 	C:\WINDOWS\System32\powrprof.dll
0x00007ffc1a920000 - 0x00007ffc1a92a000 	C:\WINDOWS\System32\FLTLIB.DLL
0x00007ffc12890000 - 0x00007ffc128aa000 	C:\Program Files\Android\Android Studio\jre\jre\bin\net.dll
0x00007ffc1a1a0000 - 0x00007ffc1a206000 	C:\WINDOWS\system32\mswsock.dll
0x00007ffc0df50000 - 0x00007ffc0df61000 	C:\Program Files\Android\Android Studio\jre\jre\bin\nio.dll
0x00007ffc0bf40000 - 0x00007ffc0bf5e000 	C:\Users\brrri\.gradle\native\25\windows-amd64\native-platform.dll
0x00007ffc15120000 - 0x00007ffc1512d000 	C:\Program Files\Android\Android Studio\jre\jre\bin\management.dll
0x00007ffc1a350000 - 0x00007ffc1a367000 	C:\WINDOWS\SYSTEM32\CRYPTSP.dll
0x00007ffc19d80000 - 0x00007ffc19db3000 	C:\WINDOWS\system32\rsaenh.dll
0x00007ffc1a480000 - 0x00007ffc1a4a5000 	C:\WINDOWS\SYSTEM32\bcrypt.dll
0x00007ffc1a820000 - 0x00007ffc1a848000 	C:\WINDOWS\SYSTEM32\USERENV.dll
0x00007ffc1a370000 - 0x00007ffc1a37b000 	C:\WINDOWS\SYSTEM32\CRYPTBASE.dll
0x00007ffc19f20000 - 0x00007ffc19f58000 	C:\WINDOWS\SYSTEM32\IPHLPAPI.DLL
0x00007ffc1dd50000 - 0x00007ffc1dd58000 	C:\WINDOWS\System32\NSI.dll
0x00007ffc11190000 - 0x00007ffc111a6000 	C:\WINDOWS\SYSTEM32\dhcpcsvc6.DLL
0x00007ffc11560000 - 0x00007ffc1157a000 	C:\WINDOWS\SYSTEM32\dhcpcsvc.DLL

VM Arguments:
jvm_args: -Xmx1024m -Dfile.encoding=windows-1251 -Duser.country=RU -Duser.language=ru -Duser.variant 
java_command: org.gradle.launcher.daemon.bootstrap.GradleDaemon 4.6
java_class_path (initial): C:\Users\brrri\.gradle\wrapper\dists\gradle-4.6-all\bcst21l2brirad8k2ben1letg\gradle-4.6\lib\gradle-launcher-4.6.jar
Launcher Type: SUN_STANDARD

Environment Variables:
JAVA_HOME=C:\Program Files\Java\jdk-10.0.2
PATH=C:\Program Files (x86)\Common Files\Oracle\Java\javapath;C:\ProgramData\Oracle\Java\javapath;C:\Program Files (x86)\Borland\CBUILD~1\Bin;C:\Program Files (x86)\Borland\CBUILD~1\Projects\Bpl;C:\Program Files\Broadcom\Broadcom 802.11 Network Adapter;C:\Program Files (x86)\Intel\iCLS Client\;C:\Program Files\Intel\iCLS Client\;C:\Windows\System32;C:\Windows;C:\Windows\System32\wbem;C:\Windows\System32\WindowsPowerShell\v1.0\;C:\Program Files (x86)\Intel\Intel(R) Management Engine Components\DAL;C:\Program Files\Intel\Intel(R) Management Engine Components\DAL;C:\Program Files (x86)\Intel\Intel(R) Management Engine Components\IPT;C:\Program Files\Intel\Intel(R) Management Engine Components\IPT;C:\Program Files (x86)\NVIDIA Corporation\PhysX\Common;C:\WINDOWS\system32;C:\WINDOWS;C:\WINDOWS\System32\Wbem;C:\WINDOWS\System32\WindowsPowerShell\v1.0\;C:\WINDOWS\System32\OpenSSH\;C:\Program Files\Git\cmd;C:\Ruby24-x64\bin;C:\Users\brrri\AppData\Local\Microsoft\WindowsApps;
USERNAME=brrri
OS=Windows_NT
PROCESSOR_IDENTIFIER=Intel64 Family 6 Model 69 Stepping 1, GenuineIntel



---------------  S Y S T E M  ---------------

OS: Windows 10.0 , 64 bit Build 17134 (10.0.17134.1)

CPU:total 4 (initial active 4) (2 cores per cpu, 2 threads per core) family 6 model 69 stepping 1, cmov, cx8, fxsr, mmx, sse, sse2, sse3, ssse3, sse4.1, sse4.2, popcnt, avx, avx2, aes, clmul, erms, lzcnt, ht, tsc, tscinvbit, bmi1, bmi2

Memory: 4k page, physical 4112840k(299836k free), swap 4112840k(4476k free)

vm_info: OpenJDK 64-Bit Server VM (25.152-b06) for windows-amd64 JRE (1.8.0_152-release-1136-b06), built by "builder" with MS VC++ 10.0 (VS2010)

time: Wed Dec 19 17:58:57 2018
elapsed time: 3 seconds (0d 0h 0m 3s)

